packages/afo-core/utils/automation.py:216: error: Redundant cast to "T"  [redundant-cast]
packages/afo-core/AFO/utils/automation.py:216: error: Redundant cast to "T"  [redundant-cast]
packages/afo-core/services/antigravity_engine.py:113: error: Returning Any from function declared to return "float"  [no-any-return]
packages/afo-core/AFO/services/antigravity_engine.py:113: error: Returning Any from function declared to return "float"  [no-any-return]
packages/afo-core/services/redis_cache_service.py:159: error: No overload variant of "int" matches argument type "object"  [call-overload]
packages/afo-core/services/redis_cache_service.py:159: note: Possible overload variants:
packages/afo-core/services/redis_cache_service.py:159: note:     def int(str | Buffer | SupportsInt | SupportsIndex | SupportsTrunc = ..., /) -> int
packages/afo-core/services/redis_cache_service.py:159: note:     def int(str | bytes | bytearray, /, base: SupportsIndex) -> int
packages/afo-core/services/redis_cache_service.py:165: error: No overload variant of "int" matches argument type "object"  [call-overload]
packages/afo-core/services/redis_cache_service.py:165: note: Possible overload variants:
packages/afo-core/services/redis_cache_service.py:165: note:     def int(str | Buffer | SupportsInt | SupportsIndex | SupportsTrunc = ..., /) -> int
packages/afo-core/services/redis_cache_service.py:165: note:     def int(str | bytes | bytearray, /, base: SupportsIndex) -> int
packages/afo-core/AFO/services/redis_cache_service.py:159: error: No overload variant of "int" matches argument type "object"  [call-overload]
packages/afo-core/AFO/services/redis_cache_service.py:159: note: Possible overload variants:
packages/afo-core/AFO/services/redis_cache_service.py:159: note:     def int(str | Buffer | SupportsInt | SupportsIndex | SupportsTrunc = ..., /) -> int
packages/afo-core/AFO/services/redis_cache_service.py:159: note:     def int(str | bytes | bytearray, /, base: SupportsIndex) -> int
packages/afo-core/AFO/services/redis_cache_service.py:165: error: No overload variant of "int" matches argument type "object"  [call-overload]
packages/afo-core/AFO/services/redis_cache_service.py:165: note: Possible overload variants:
packages/afo-core/AFO/services/redis_cache_service.py:165: note:     def int(str | Buffer | SupportsInt | SupportsIndex | SupportsTrunc = ..., /) -> int
packages/afo-core/AFO/services/redis_cache_service.py:165: note:     def int(str | bytes | bytearray, /, base: SupportsIndex) -> int
packages/afo-core/utils/cache_utils.py:74: error: Statement is unreachable  [unreachable]
packages/afo-core/utils/cache_utils.py:97: error: Statement is unreachable  [unreachable]
packages/afo-core/utils/cache_utils.py:119: error: Statement is unreachable  [unreachable]
packages/afo-core/api/services/skills_service.py:312: error: Unused "type: ignore" comment  [unused-ignore]
packages/afo-core/api/services/skills_service.py:386: error: Unused "type: ignore" comment  [unused-ignore]
packages/afo-core/api/routes/system_stream.py:19: error: Returning Any from function declared to return "Redis"  [no-any-return]
packages/afo-core/api/routers/skills.py:240: error: Statement is unreachable  [unreachable]
packages/afo-core/api/routers/skills.py:242: error: Statement is unreachable  [unreachable]
packages/afo-core/api/routers/skills.py:312: error: Statement is unreachable  [unreachable]
packages/afo-core/api/routers/skills.py:343: error: Statement is unreachable  [unreachable]
packages/afo-core/api/routers/skills.py:399: error: Unsupported target for indexed assignment ("object")  [index]
packages/afo-core/api/routers/skills.py:403: error: Statement is unreachable  [unreachable]
packages/afo-core/api/routers/budget.py:310: error: No overload variant of "int" matches argument type "object"  [call-overload]
packages/afo-core/api/routers/budget.py:310: note: Possible overload variants:
packages/afo-core/api/routers/budget.py:310: note:     def int(str | Buffer | SupportsInt | SupportsIndex | SupportsTrunc = ..., /) -> int
packages/afo-core/api/routers/budget.py:310: note:     def int(str | bytes | bytearray, /, base: SupportsIndex) -> int
packages/afo-core/api/routers/budget.py:408: error: No overload variant of "int" matches argument type "object"  [call-overload]
packages/afo-core/api/routers/budget.py:408: note: Possible overload variants:
packages/afo-core/api/routers/budget.py:408: note:     def int(str | Buffer | SupportsInt | SupportsIndex | SupportsTrunc = ..., /) -> int
packages/afo-core/api/routers/budget.py:408: note:     def int(str | bytes | bytearray, /, base: SupportsIndex) -> int
packages/afo-core/api/middleware/prometheus.py:110: error: Returning Any from function declared to return "Response"  [no-any-return]
packages/afo-core/api/middleware/prometheus.py:191: error: Missing positional argument "app" in call to "PrometheusMiddleware"  [call-arg]
packages/afo-core/AFO/utils/cache_utils.py:74: error: Statement is unreachable  [unreachable]
packages/afo-core/AFO/utils/cache_utils.py:97: error: Statement is unreachable  [unreachable]
packages/afo-core/AFO/utils/cache_utils.py:119: error: Statement is unreachable  [unreachable]
packages/afo-core/AFO/api/services/skills_service.py:312: error: Unused "type: ignore" comment  [unused-ignore]
packages/afo-core/AFO/api/services/skills_service.py:386: error: Unused "type: ignore" comment  [unused-ignore]
packages/afo-core/AFO/api/routes/system_stream.py:19: error: Returning Any from function declared to return "Redis"  [no-any-return]
packages/afo-core/AFO/api/routers/skills.py:240: error: Statement is unreachable  [unreachable]
packages/afo-core/AFO/api/routers/skills.py:242: error: Statement is unreachable  [unreachable]
packages/afo-core/AFO/api/routers/skills.py:312: error: Statement is unreachable  [unreachable]
packages/afo-core/AFO/api/routers/skills.py:343: error: Statement is unreachable  [unreachable]
packages/afo-core/AFO/api/routers/skills.py:399: error: Unsupported target for indexed assignment ("object")  [index]
packages/afo-core/AFO/api/routers/skills.py:403: error: Statement is unreachable  [unreachable]
packages/afo-core/AFO/api/routers/budget.py:310: error: No overload variant of "int" matches argument type "object"  [call-overload]
packages/afo-core/AFO/api/routers/budget.py:310: note: Possible overload variants:
packages/afo-core/AFO/api/routers/budget.py:310: note:     def int(str | Buffer | SupportsInt | SupportsIndex | SupportsTrunc = ..., /) -> int
packages/afo-core/AFO/api/routers/budget.py:310: note:     def int(str | bytes | bytearray, /, base: SupportsIndex) -> int
packages/afo-core/AFO/api/routers/budget.py:408: error: No overload variant of "int" matches argument type "object"  [call-overload]
packages/afo-core/AFO/api/routers/budget.py:408: note: Possible overload variants:
packages/afo-core/AFO/api/routers/budget.py:408: note:     def int(str | Buffer | SupportsInt | SupportsIndex | SupportsTrunc = ..., /) -> int
packages/afo-core/AFO/api/routers/budget.py:408: note:     def int(str | bytes | bytearray, /, base: SupportsIndex) -> int
packages/afo-core/AFO/api/middleware/prometheus.py:110: error: Returning Any from function declared to return "Response"  [no-any-return]
packages/afo-core/AFO/api/middleware/prometheus.py:191: error: Missing positional argument "app" in call to "PrometheusMiddleware"  [call-arg]
packages/afo-core/services/hybrid_rag.py:19: error: Cannot assign to a type  [misc]
packages/afo-core/services/hybrid_rag.py:19: error: Incompatible types in assignment (expression has type "None", variable has type "type[GraphDatabase]")  [assignment]
packages/afo-core/services/hybrid_rag.py:26: error: Cannot assign to a type  [misc]
packages/afo-core/services/hybrid_rag.py:26: error: Incompatible types in assignment (expression has type "None", variable has type "type[QdrantClient]")  [assignment]
packages/afo-core/services/hybrid_rag.py:27: error: Incompatible types in assignment (expression has type "None", variable has type Module)  [assignment]
packages/afo-core/services/hybrid_rag.py:248: error: Function "GraphDatabase" could always be true in boolean context  [truthy-function]
packages/afo-core/services/checkpoint.py:17: error: All conditional function variants must have identical signatures  [misc]
packages/afo-core/services/checkpoint.py:17: note: Original:
packages/afo-core/services/checkpoint.py:17: note:     def [F: Callable[..., Any]] validate_with_trinity(func: F) -> F
packages/afo-core/services/checkpoint.py:17: note: Redefinition:
packages/afo-core/services/checkpoint.py:17: note:     def validate_with_trinity(func: Any) -> Any
packages/afo-core/services/checkpoint.py:174: error: Statement is unreachable  [unreachable]
packages/afo-core/api/middleware/__init__.py:31: error: Unused "type: ignore" comment  [unused-ignore]
packages/afo-core/api/middleware/__init__.py:42: error: Unused "type: ignore" comment  [unused-ignore]
packages/afo-core/api/middleware/__init__.py:53: error: Unused "type: ignore" comment  [unused-ignore]
packages/afo-core/AFO/services/hybrid_rag.py:19: error: Cannot assign to a type  [misc]
packages/afo-core/AFO/services/hybrid_rag.py:19: error: Incompatible types in assignment (expression has type "None", variable has type "type[GraphDatabase]")  [assignment]
packages/afo-core/AFO/services/hybrid_rag.py:26: error: Cannot assign to a type  [misc]
packages/afo-core/AFO/services/hybrid_rag.py:26: error: Incompatible types in assignment (expression has type "None", variable has type "type[QdrantClient]")  [assignment]
packages/afo-core/AFO/services/hybrid_rag.py:27: error: Incompatible types in assignment (expression has type "None", variable has type Module)  [assignment]
packages/afo-core/AFO/services/hybrid_rag.py:248: error: Function "GraphDatabase" could always be true in boolean context  [truthy-function]
packages/afo-core/AFO/services/checkpoint.py:17: error: All conditional function variants must have identical signatures  [misc]
packages/afo-core/AFO/services/checkpoint.py:17: note: Original:
packages/afo-core/AFO/services/checkpoint.py:17: note:     def [F: Callable[..., Any]] validate_with_trinity(func: F) -> F
packages/afo-core/AFO/services/checkpoint.py:17: note: Redefinition:
packages/afo-core/AFO/services/checkpoint.py:17: note:     def validate_with_trinity(func: Any) -> Any
packages/afo-core/AFO/services/checkpoint.py:174: error: Statement is unreachable  [unreachable]
packages/afo-core/AFO/api/middleware/__init__.py:31: error: Unused "type: ignore" comment  [unused-ignore]
packages/afo-core/AFO/api/middleware/__init__.py:42: error: Unused "type: ignore" comment  [unused-ignore]
packages/afo-core/AFO/api/middleware/__init__.py:53: error: Unused "type: ignore" comment  [unused-ignore]
packages/afo-core/services/scholar_ingestion.py:16: error: Cannot assign to a type  [misc]
packages/afo-core/services/scholar_ingestion.py:16: error: Incompatible types in assignment (expression has type "None", variable has type "type[QdrantClient]")  [assignment]
packages/afo-core/services/scholar_ingestion.py:17: error: Cannot assign to a type  [misc]
packages/afo-core/services/scholar_ingestion.py:17: error: Incompatible types in assignment (expression has type "None", variable has type "type[GraphDatabase]")  [assignment]
packages/afo-core/services/scholar_ingestion.py:24: error: Function "QdrantClient" could always be true in boolean context  [truthy-function]
packages/afo-core/services/scholar_ingestion.py:28: error: Function "GraphDatabase" could always be true in boolean context  [truthy-function]
packages/afo-core/api/routers/rag_query.py:155: error: Incompatible types in assignment (expression has type "dict[str, Any]", variable has type "list[dict[str, Any]] | BaseException")  [assignment]
packages/afo-core/api/routers/rag_query.py:156: error: Unsupported right operand type for in ("list[dict[str, Any]] | BaseException")  [operator]
packages/afo-core/api/routers/rag_query.py:156: error: No overload variant of "__getitem__" of "list" matches argument type "str"  [call-overload]
packages/afo-core/api/routers/rag_query.py:156: note: Possible overload variants:
packages/afo-core/api/routers/rag_query.py:156: note:     def __getitem__(self, SupportsIndex, /) -> dict[str, Any]
packages/afo-core/api/routers/rag_query.py:156: note:     def __getitem__(self, slice[Any, Any, Any], /) -> list[dict[str, Any]]
packages/afo-core/api/routers/rag_query.py:156: error: Value of type "list[dict[str, Any]] | BaseException" is not indexable  [index]
packages/afo-core/api/routers/rag_query.py:159: error: No overload variant of "__getitem__" of "list" matches argument type "str"  [call-overload]
packages/afo-core/api/routers/rag_query.py:159: note: Possible overload variants:
packages/afo-core/api/routers/rag_query.py:159: note:     def __getitem__(self, SupportsIndex, /) -> dict[str, Any]
packages/afo-core/api/routers/rag_query.py:159: note:     def __getitem__(self, slice[Any, Any, Any], /) -> list[dict[str, Any]]
packages/afo-core/api/routers/rag_query.py:159: error: Value of type "list[dict[str, Any]] | BaseException" is not indexable  [index]
packages/afo-core/AFO/services/scholar_ingestion.py:16: error: Cannot assign to a type  [misc]
packages/afo-core/AFO/services/scholar_ingestion.py:16: error: Incompatible types in assignment (expression has type "None", variable has type "type[QdrantClient]")  [assignment]
packages/afo-core/AFO/services/scholar_ingestion.py:17: error: Cannot assign to a type  [misc]
packages/afo-core/AFO/services/scholar_ingestion.py:17: error: Incompatible types in assignment (expression has type "None", variable has type "type[GraphDatabase]")  [assignment]
packages/afo-core/AFO/services/scholar_ingestion.py:24: error: Function "QdrantClient" could always be true in boolean context  [truthy-function]
packages/afo-core/AFO/services/scholar_ingestion.py:28: error: Function "GraphDatabase" could always be true in boolean context  [truthy-function]
packages/afo-core/AFO/api/routers/rag_query.py:155: error: Incompatible types in assignment (expression has type "dict[str, Any]", variable has type "list[dict[str, Any]] | BaseException")  [assignment]
packages/afo-core/AFO/api/routers/rag_query.py:156: error: Unsupported right operand type for in ("list[dict[str, Any]] | BaseException")  [operator]
packages/afo-core/AFO/api/routers/rag_query.py:156: error: No overload variant of "__getitem__" of "list" matches argument type "str"  [call-overload]
packages/afo-core/AFO/api/routers/rag_query.py:156: note: Possible overload variants:
packages/afo-core/AFO/api/routers/rag_query.py:156: note:     def __getitem__(self, SupportsIndex, /) -> dict[str, Any]
packages/afo-core/AFO/api/routers/rag_query.py:156: note:     def __getitem__(self, slice[Any, Any, Any], /) -> list[dict[str, Any]]
packages/afo-core/AFO/api/routers/rag_query.py:156: error: Value of type "list[dict[str, Any]] | BaseException" is not indexable  [index]
packages/afo-core/AFO/api/routers/rag_query.py:159: error: No overload variant of "__getitem__" of "list" matches argument type "str"  [call-overload]
packages/afo-core/AFO/api/routers/rag_query.py:159: note: Possible overload variants:
packages/afo-core/AFO/api/routers/rag_query.py:159: note:     def __getitem__(self, SupportsIndex, /) -> dict[str, Any]
packages/afo-core/AFO/api/routers/rag_query.py:159: note:     def __getitem__(self, slice[Any, Any, Any], /) -> list[dict[str, Any]]
packages/afo-core/AFO/api/routers/rag_query.py:159: error: Value of type "list[dict[str, Any]] | BaseException" is not indexable  [index]
packages/afo-core/scripts/admin/extract_claude_force.py:81: error: If x = b'abc' then f"{x}" or "{}".format(x) produces "b'abc'", not "abc". If this is desired behavior, use f"{x!r}" or "{!r}".format(x). Otherwise, decode the bytes  [str-bytes-safe]
packages/afo-core/scripts/admin/extract_claude_force.py:159: error: "APIWallet" has no attribute "add_key"  [attr-defined]
packages/afo-core/alignment/basic_dpo.py:58: error: Unexpected keyword argument "evaluation_strategy" for "TrainingArguments"; did you mean "eval_strategy"?  [call-arg]
/opt/homebrew/lib/python3.12/site-packages/transformers/training_args.py: note: "TrainingArguments" defined here
packages/afo-core/alignment/basic_dpo.py:58: error: Unexpected keyword argument "no_cuda" for "TrainingArguments"  [call-arg]
packages/afo-core/alignment/advanced_dpo.py:66: error: Unexpected keyword argument "evaluation_strategy" for "TrainingArguments"; did you mean "eval_strategy"?  [call-arg]
/opt/homebrew/lib/python3.12/site-packages/transformers/training_args.py: note: "TrainingArguments" defined here
packages/afo-core/scripts/rag/obsidian_loader.py:194: error: Module "config" has no attribute "OBSIDIAN_VAULT_PATH"  [attr-defined]
packages/afo-core/scripts/rag/obsidian_loader.py:204: error: Need type annotation for "categories" (hint: "categories: dict[<type>, <type>] = ...")  [var-annotated]
packages/afo-core/utils/redis_saver.py:48: error: Argument 1 to "loads" has incompatible type "Awaitable[Any] | Any"; expected "str | bytes | bytearray"  [arg-type]
packages/afo-core/AFO/utils/redis_saver.py:48: error: Argument 1 to "loads" has incompatible type "Awaitable[Any] | Any"; expected "str | bytes | bytearray"  [arg-type]
packages/afo-core/services/langchain_openai_service.py:23: error: Name "ChatOpenAI" already defined (possibly by an import)  [no-redef]
packages/afo-core/services/langchain_openai_service.py:24: error: Unused "type: ignore" comment  [unused-ignore]
packages/afo-core/services/langchain_openai_service.py:26: error: Name "BaseMessage" already defined (possibly by an import)  [no-redef]
packages/afo-core/services/langchain_openai_service.py:26: error: Name "HumanMessage" already defined (possibly by an import)  [no-redef]
packages/afo-core/services/langchain_openai_service.py:26: error: Name "SystemMessage" already defined (possibly by an import)  [no-redef]
packages/afo-core/services/langchain_openai_service.py:279: error: Dict entry 0 has incompatible type "str": "float"; expected "str": "int"  [dict-item]
packages/afo-core/services/langchain_openai_service.py:457: error: No overload variant of "int" matches argument type "object"  [call-overload]
packages/afo-core/services/langchain_openai_service.py:457: note: Possible overload variants:
packages/afo-core/services/langchain_openai_service.py:457: note:     def int(str | Buffer | SupportsInt | SupportsIndex | SupportsTrunc = ..., /) -> int
packages/afo-core/services/langchain_openai_service.py:457: note:     def int(str | bytes | bytearray, /, base: SupportsIndex) -> int
packages/afo-core/services/langchain_openai_service.py:476: error: No overload variant of "int" matches argument type "object"  [call-overload]
packages/afo-core/services/langchain_openai_service.py:476: note: Possible overload variants:
packages/afo-core/services/langchain_openai_service.py:476: note:     def int(str | Buffer | SupportsInt | SupportsIndex | SupportsTrunc = ..., /) -> int
packages/afo-core/services/langchain_openai_service.py:476: note:     def int(str | bytes | bytearray, /, base: SupportsIndex) -> int
packages/afo-core/services/langchain_openai_service.py:488: error: Returning Any from function declared to return "str | None"  [no-any-return]
packages/afo-core/legacy/experiments/retrievalqa_advanced_integration.py:40: error: Unexpected keyword argument "model" for "ChatOpenAI"  [call-arg]
/opt/homebrew/lib/python3.12/site-packages/langchain_openai/chat_models/base.py: note: "ChatOpenAI" defined here
packages/afo-core/legacy/experiments/langchain_multi_turn_example.py:36: error: Unexpected keyword argument "model" for "ChatOpenAI"  [call-arg]
/opt/homebrew/lib/python3.12/site-packages/langchain_openai/chat_models/base.py: note: "ChatOpenAI" defined here
packages/afo-core/legacy/experiments/langchain_advanced_retrievalqa.py:39: error: Unexpected keyword argument "model" for "ChatOpenAI"  [call-arg]
/opt/homebrew/lib/python3.12/site-packages/langchain_openai/chat_models/base.py: note: "ChatOpenAI" defined here
packages/afo-core/legacy/experiments/add_workflow_to_rag_verified.py:152: error: "VectorStoreRetriever" has no attribute "get_relevant_documents"; maybe "_get_relevant_documents" or "_aget_relevant_documents"?  [attr-defined]
packages/afo-core/legacy/experiments/add_n8n_workflow_to_rag.py:211: error: Argument "openai_api_key" to "OpenAIEmbeddings" has incompatible type "str"; expected "SecretStr | Callable[[], str] | Callable[[], Awaitable[str]] | None"  [arg-type]
packages/afo-core/legacy/experiments/add_n8n_workflow_to_rag.py:236: error: "VectorStoreRetriever" has no attribute "get_relevant_documents"; maybe "_get_relevant_documents" or "_aget_relevant_documents"?  [attr-defined]
packages/afo-core/AFO/services/langchain_openai_service.py:23: error: Name "ChatOpenAI" already defined (possibly by an import)  [no-redef]
packages/afo-core/AFO/services/langchain_openai_service.py:24: error: Unused "type: ignore" comment  [unused-ignore]
packages/afo-core/AFO/services/langchain_openai_service.py:26: error: Name "BaseMessage" already defined (possibly by an import)  [no-redef]
packages/afo-core/AFO/services/langchain_openai_service.py:26: error: Name "HumanMessage" already defined (possibly by an import)  [no-redef]
packages/afo-core/AFO/services/langchain_openai_service.py:26: error: Name "SystemMessage" already defined (possibly by an import)  [no-redef]
packages/afo-core/AFO/services/langchain_openai_service.py:279: error: Dict entry 0 has incompatible type "str": "float"; expected "str": "int"  [dict-item]
packages/afo-core/AFO/services/langchain_openai_service.py:457: error: No overload variant of "int" matches argument type "object"  [call-overload]
packages/afo-core/AFO/services/langchain_openai_service.py:457: note: Possible overload variants:
packages/afo-core/AFO/services/langchain_openai_service.py:457: note:     def int(str | Buffer | SupportsInt | SupportsIndex | SupportsTrunc = ..., /) -> int
packages/afo-core/AFO/services/langchain_openai_service.py:457: note:     def int(str | bytes | bytearray, /, base: SupportsIndex) -> int
packages/afo-core/AFO/services/langchain_openai_service.py:476: error: No overload variant of "int" matches argument type "object"  [call-overload]
packages/afo-core/AFO/services/langchain_openai_service.py:476: note: Possible overload variants:
packages/afo-core/AFO/services/langchain_openai_service.py:476: note:     def int(str | Buffer | SupportsInt | SupportsIndex | SupportsTrunc = ..., /) -> int
packages/afo-core/AFO/services/langchain_openai_service.py:476: note:     def int(str | bytes | bytearray, /, base: SupportsIndex) -> int
packages/afo-core/services/system_monitoring_dashboard.py:211: error: No overload variant of "sleep" matches argument type "object"  [call-overload]
packages/afo-core/services/system_monitoring_dashboard.py:211: note: Possible overload variants:
packages/afo-core/services/system_monitoring_dashboard.py:211: note:     def sleep(delay: float) -> Coroutine[Any, Any, None]
packages/afo-core/services/system_monitoring_dashboard.py:211: note:     def [_T] sleep(delay: float, result: _T) -> Coroutine[Any, Any, _T]
packages/afo-core/services/system_monitoring_dashboard.py:525: error: Unsupported operand types for < ("float" and "object")  [operator]
packages/afo-core/services/system_monitoring_dashboard.py:531: error: Unsupported operand types for < ("float" and "object")  [operator]
packages/afo-core/services/system_monitoring_dashboard.py:537: error: Unsupported operand types for < ("float" and "object")  [operator]
packages/afo-core/AFO/services/system_monitoring_dashboard.py:211: error: No overload variant of "sleep" matches argument type "object"  [call-overload]
packages/afo-core/AFO/services/system_monitoring_dashboard.py:211: note: Possible overload variants:
packages/afo-core/AFO/services/system_monitoring_dashboard.py:211: note:     def sleep(delay: float) -> Coroutine[Any, Any, None]
packages/afo-core/AFO/services/system_monitoring_dashboard.py:211: note:     def [_T] sleep(delay: float, result: _T) -> Coroutine[Any, Any, _T]
packages/afo-core/AFO/services/system_monitoring_dashboard.py:525: error: Unsupported operand types for < ("float" and "object")  [operator]
packages/afo-core/AFO/services/system_monitoring_dashboard.py:531: error: Unsupported operand types for < ("float" and "object")  [operator]
packages/afo-core/AFO/services/system_monitoring_dashboard.py:537: error: Unsupported operand types for < ("float" and "object")  [operator]
packages/afo-core/llm_router.py:591: error: Unused "type: ignore" comment  [unused-ignore]
packages/afo-core/llm_router.py:722: error: Returning Any from function declared to return "str"  [no-any-return]
packages/afo-core/llm_router.py:738: error: Returning Any from function declared to return "str"  [no-any-return]
packages/afo-core/llm_router.py:762: error: Returning Any from function declared to return "str"  [no-any-return]
packages/afo-core/AFO/llm_router.py:591: error: Unused "type: ignore" comment  [unused-ignore]
packages/afo-core/AFO/llm_router.py:722: error: Returning Any from function declared to return "str"  [no-any-return]
packages/afo-core/AFO/llm_router.py:738: error: Returning Any from function declared to return "str"  [no-any-return]
packages/afo-core/AFO/llm_router.py:762: error: Returning Any from function declared to return "str"  [no-any-return]
packages/afo-core/AFO/utils/playwright_bridge.py:15: error: Incompatible import of "antigravity" (imported name has type "config.antigravity.AntiGravitySettings", local name has type "AFO.config.antigravity.AntiGravitySettings")  [assignment]
packages/afo-core/AFO/utils/playwright_bridge.py:17: error: Incompatible types in assignment (expression has type "None", variable has type "AntiGravitySettings")  [assignment]
packages/afo-core/AFO/utils/playwright_bridge.py:110: error: Argument "viewport" to "new_context" of "Browser" has incompatible type "dict[str, int]"; expected "ViewportSize | None"  [arg-type]
packages/afo-core/AFO/julie_cpa/services/julie_service.py:207: error: Incompatible types in assignment (expression has type "float | int", variable has type "int")  [assignment]
packages/afo-core/config/friction_calibrator.py:90: error: Unused "type: ignore" comment  [unused-ignore]
packages/afo-core/AFO/serenity/creation_loop.py:103: error: Need type annotation for "verification_data" (hint: "verification_data: dict[<type>, <type>] = ...")  [var-annotated]
packages/afo-core/AFO/serenity/creation_loop.py:105: error: Statement is unreachable  [unreachable]
packages/afo-core/AFO/serenity/creation_loop.py:143: error: Statement is unreachable  [unreachable]
packages/afo-core/AFO/serenity/creation_loop.py:199: error: Returning Any from function declared to return "str"  [no-any-return]
packages/afo-core/AFO/services/persona_service.py:372: error: Module "AFO.api.compat" has no attribute "get_trinity_os_client"  [attr-defined]
packages/afo-core/AFO/services/persona_service.py:403: error: Module "AFO.api_server" has no attribute "neural_event_queue"  [attr-defined]
packages/afo-core/AFO/api/initialization.py:146: error: Statement is unreachable  [unreachable]
packages/afo-core/AFO/api/initialization.py:194: error: Name "_YC" already defined (possibly by an import)  [no-redef]
packages/afo-core/AFO/api/initialization.py:230: error: "Workflow" has no attribute "compile"  [attr-defined]
packages/afo-core/AFO/api/initialization.py:233: error: Incompatible types in assignment (expression has type "None", variable has type "CompiledStateGraph[ChancellorState, None, StateT, StateT]")  [assignment]
packages/afo-core/AFO/api/initialization.py:238: error: Incompatible types in assignment (expression has type "None", variable has type "CompiledStateGraph[ChancellorState, None, StateT, StateT]")  [assignment]
packages/afo-core/AFO/api/cleanup.py:38: error: "YeongdeokComplete" has no attribute "close_eyes"  [attr-defined]
packages/afo-core/AFO/api/config.py:49: error: Unused "type: ignore" comment  [unused-ignore]
packages/afo-core/AFO/api/routers/chancellor_router.py:70: error: Incompatible types in assignment (expression has type "type[MockState]", variable has type "type[ChancellorState]")  [assignment]
packages/afo-core/AFO/api/routers/chancellor_router.py:287: error: Unused "type: ignore" comment  [unused-ignore]
packages/afo-core/AFO/api/routers/chancellor_router.py:289: error: Incompatible types in assignment (expression has type "AFO.llm_router.LLMRouter", variable has type "llm_router.LLMRouter")  [assignment]
packages/afo-core/AFO/api/routers/chancellor_router.py:454: error: Argument 1 to "ainvoke" of "Pregel" has incompatible type "dict[str, Any]"; expected "StateT | Command[Any] | None"  [arg-type]
packages/afo-core/AFO/api/routers/chancellor_router.py:454: error: Argument 2 to "ainvoke" of "Pregel" has incompatible type "dict[str, dict[str, str]]"; expected "RunnableConfig | None"  [arg-type]
packages/afo-core/chancellor_graph.py:347: error: Function "VerdictLogger" could always be true in boolean context  [truthy-function]
packages/afo-core/chancellor_graph.py:347: error: Function "emit_verdict" could always be true in boolean context  [truthy-function]
packages/afo-core/chancellor_graph.py:350: error: Module "AFO.utils.redis_saver" has no attribute "get_redis_client"  [attr-defined]
packages/afo-core/chancellor_graph.py:370: error: Argument "decision" to "emit_verdict" has incompatible type "str"; expected "Literal['AUTO_RUN', 'ASK']"  [arg-type]
packages/afo-core/chancellor_graph.py:405: error: Function "VerdictLogger" could always be true in boolean context  [truthy-function]
packages/afo-core/chancellor_graph.py:405: error: Function "emit_verdict" could always be true in boolean context  [truthy-function]
packages/afo-core/chancellor_graph.py:408: error: Module "AFO.utils.redis_saver" has no attribute "get_redis_client"  [attr-defined]
packages/afo-core/chancellor_graph.py:440: error: Unexpected keyword argument "graph_node_id" for "emit_verdict"  [call-arg]
packages/afo-core/AFO/chancellor/node_04_verdict.py: note: "emit_verdict" defined here
packages/afo-core/chancellor_graph.py:440: error: Unexpected keyword argument "step" for "emit_verdict"  [call-arg]
packages/afo-core/chancellor_graph.py:443: error: Argument "decision" to "emit_verdict" has incompatible type "str"; expected "Literal['AUTO_RUN', 'ASK']"  [arg-type]
packages/afo-core/utils/playwright_bridge.py:15: error: Incompatible import of "antigravity" (imported name has type "config.antigravity.AntiGravitySettings", local name has type "AFO.config.antigravity.AntiGravitySettings")  [assignment]
packages/afo-core/utils/playwright_bridge.py:17: error: Incompatible types in assignment (expression has type "None", variable has type "AntiGravitySettings")  [assignment]
packages/afo-core/utils/playwright_bridge.py:110: error: Argument "viewport" to "new_context" of "Browser" has incompatible type "dict[str, int]"; expected "ViewportSize | None"  [arg-type]
packages/afo-core/tests/test_mcp_integration.py:24: error: Module "AFO.api.compat" has no attribute "get_trinity_os_client"  [attr-defined]
packages/afo-core/tests/test_mcp_integration.py:91: error: Module "AFO.api.compat" has no attribute "get_trinity_os_client"  [attr-defined]
packages/afo-core/tests/test_mcp_client_debug.py:111: error: Module "AFO.api.compat" has no attribute "get_trinity_os_client"  [attr-defined]
packages/afo-core/services/persona_service.py:372: error: Module "AFO.api.compat" has no attribute "get_trinity_os_client"  [attr-defined]
packages/afo-core/services/persona_service.py:403: error: Module "AFO.api_server" has no attribute "neural_event_queue"  [attr-defined]
packages/afo-core/scripts/admin/decrypt_chrome_cookies.py:121: error: Incompatible types in assignment (expression has type "Path", variable has type "str")  [assignment]
packages/afo-core/scripts/admin/decrypt_chrome_cookies.py:122: error: Unsupported left operand type for / ("str")  [operator]
packages/afo-core/scripts/admin/decrypt_chrome_cookies.py:124: error: Unsupported left operand type for / ("str")  [operator]
packages/afo-core/scripts/admin/decrypt_chrome_cookies.py:125: error: "str" has no attribute "name"  [attr-defined]
packages/afo-core/scripts/admin/decrypt_chrome_cookies.py:126: error: "str" has no attribute "glob"  [attr-defined]
packages/afo-core/examples/guardrails_advanced_examples.py:42: error: Cannot assign to a type  [misc]
packages/afo-core/examples/guardrails_advanced_examples.py:42: note: Error code "misc" not covered by "type: ignore" comment
packages/afo-core/examples/guardrails_advanced_examples.py:43: error: Cannot assign to a type  [misc]
packages/afo-core/examples/guardrails_advanced_examples.py:43: note: Error code "misc" not covered by "type: ignore" comment
packages/afo-core/api/initialization.py:146: error: Statement is unreachable  [unreachable]
packages/afo-core/api/initialization.py:194: error: Name "_YC" already defined (possibly by an import)  [no-redef]
packages/afo-core/api/initialization.py:230: error: "Workflow" has no attribute "compile"  [attr-defined]
packages/afo-core/api/config.py:49: error: Unused "type: ignore" comment  [unused-ignore]
packages/afo-core/api/cleanup.py:38: error: "YeongdeokComplete" has no attribute "close_eyes"  [attr-defined]
packages/afo-core/api/routers/chancellor_router.py:70: error: Incompatible types in assignment (expression has type "type[MockState]", variable has type "type[ChancellorState]")  [assignment]
packages/afo-core/api/routers/chancellor_router.py:287: error: Unused "type: ignore" comment  [unused-ignore]
packages/afo-core/api/routers/chancellor_router.py:289: error: Incompatible types in assignment (expression has type "AFO.llm_router.LLMRouter", variable has type "llm_router.LLMRouter")  [assignment]
packages/afo-core/api/routers/chancellor_router.py:454: error: Argument 1 to "ainvoke" of "Pregel" has incompatible type "dict[str, Any]"; expected "StateT | Command[Any] | None"  [arg-type]
packages/afo-core/api/routers/chancellor_router.py:454: error: Argument 2 to "ainvoke" of "Pregel" has incompatible type "dict[str, dict[str, str]]"; expected "RunnableConfig | None"  [arg-type]
packages/afo-core/AFO/chancellor_graph.py:347: error: Function "VerdictLogger" could always be true in boolean context  [truthy-function]
packages/afo-core/AFO/chancellor_graph.py:347: error: Function "emit_verdict" could always be true in boolean context  [truthy-function]
packages/afo-core/AFO/chancellor_graph.py:350: error: Module "AFO.utils.redis_saver" has no attribute "get_redis_client"  [attr-defined]
packages/afo-core/AFO/chancellor_graph.py:370: error: Argument "decision" to "emit_verdict" has incompatible type "str"; expected "Literal['AUTO_RUN', 'ASK']"  [arg-type]
packages/afo-core/AFO/chancellor_graph.py:405: error: Function "VerdictLogger" could always be true in boolean context  [truthy-function]
packages/afo-core/AFO/chancellor_graph.py:405: error: Function "emit_verdict" could always be true in boolean context  [truthy-function]
packages/afo-core/AFO/chancellor_graph.py:408: error: Module "AFO.utils.redis_saver" has no attribute "get_redis_client"  [attr-defined]
packages/afo-core/AFO/chancellor_graph.py:440: error: Unexpected keyword argument "graph_node_id" for "emit_verdict"  [call-arg]
packages/afo-core/AFO/chancellor/node_04_verdict.py: note: "emit_verdict" defined here
packages/afo-core/AFO/chancellor_graph.py:440: error: Unexpected keyword argument "step" for "emit_verdict"  [call-arg]
packages/afo-core/AFO/chancellor_graph.py:443: error: Argument "decision" to "emit_verdict" has incompatible type "str"; expected "Literal['AUTO_RUN', 'ASK']"  [arg-type]
packages/afo-core/AFO/start/serenity/genui_orchestrator.py:59: error: Returning Any from function declared to return "str"  [no-any-return]
packages/afo-core/AFO/config/friction_calibrator.py:90: error: Unused "type: ignore" comment  [unused-ignore]
packages/afo-core/AFO/api/routers/__init__.py:27: error: Argument 1 to "module_from_spec" has incompatible type "ModuleSpec | None"; expected "ModuleSpec"  [arg-type]
packages/afo-core/tests/test_integration_services.py:48: error: Subclass of "SkillListResponse" and "dict[Any, Any]" cannot exist: would have incompatible method signatures  [unreachable]
packages/afo-core/tests/test_integration_services.py:49: error: Statement is unreachable  [unreachable]
packages/afo-core/tests/test_integration_services.py:51: error: Subclass of "SkillListResponse" and "list[Any]" cannot exist: would have incompatible method signatures  [unreachable]
packages/afo-core/services/automated_debugging_system.py:1528: error: Incompatible types in assignment (expression has type "list[DetectedError] | dict[str, list[DetectedError]]", variable has type "dict[str, list[DetectedError]]")  [assignment]
packages/afo-core/api/routers/__init__.py:27: error: Argument 1 to "module_from_spec" has incompatible type "ModuleSpec | None"; expected "ModuleSpec"  [arg-type]
packages/afo-core/AFO/services/automated_debugging_system.py:1528: error: Incompatible types in assignment (expression has type "list[DetectedError] | dict[str, list[DetectedError]]", variable has type "dict[str, list[DetectedError]]")  [assignment]
packages/afo-core/legacy/experiments/crag_langgraph.py:87: error: Unexpected keyword argument "model" for "ChatOpenAI"  [call-arg]
/opt/homebrew/lib/python3.12/site-packages/langchain_openai/chat_models/base.py: note: "ChatOpenAI" defined here
packages/afo-core/legacy/experiments/crag_langgraph.py:87: error: Unexpected keyword argument "api_key" for "ChatOpenAI"  [call-arg]
Found 213 errors in 74 files (checked 490 source files)
