packages/afo-core/AFO/julie_cpa/services/julie_service.py:7: note: In module imported here,
packages/afo-core/config/friction_calibrator.py:74: note: ... from here,
packages/afo-core/services/trinity_calculator.py:27: note: ... from here,
packages/afo-core/AFO/chancellor_graph.py:28: note: ... from here:
packages/afo-core/AFO/julie_cpa/utils/friction_manager.py: note: In member "check_fog_of_war" of class "FrictionManager":
packages/afo-core/AFO/julie_cpa/utils/friction_manager.py:56: error: Returning Any from function declared to return "bool"  [no-any-return]
packages/afo-core/AFO/chancellor_graph.py:24: note: In module imported here:
packages/afo-core/AFO/config/antigravity.py: note: In class "AntiGravitySettings":
packages/afo-core/AFO/config/antigravity.py:70: error: Incompatible types in assignment (expression has type "str", variable has type "Literal['ko', 'en']")  [assignment]
packages/afo-core/config/settings.py:12: note: In module imported here,
packages/afo-core/llm_router.py:225: note: ... from here,
packages/afo-core/AFO/__init__.py:23: note: ... from here:
packages/afo-core/config/antigravity.py: note: In class "AntiGravitySettings":
packages/afo-core/config/antigravity.py:70: error: Incompatible types in assignment (expression has type "str", variable has type "Literal['ko', 'en']")  [assignment]
packages/afo-core/AFO/api/compat.py:522: note: In module imported here,
packages/afo-core/AFO/domain/audit/trail.py:61: note: ... from here,
packages/afo-core/utils/history.py:48: note: ... from here,
packages/afo-core/AFO/chancellor_graph.py:45: note: ... from here:
packages/afo-core/AFO/api/routers/budget.py: note: In function "get_budget_suggestions":
packages/afo-core/AFO/api/routers/budget.py:324: error: No overload variant of "int" matches argument type "object"  [call-overload]
packages/afo-core/AFO/api/routers/budget.py:324: note: Possible overload variants:
packages/afo-core/AFO/api/routers/budget.py:324: note:     def __new__(cls, str | Buffer | SupportsInt | SupportsIndex | SupportsTrunc = ..., /) -> int
packages/afo-core/AFO/api/routers/budget.py:324: note:     def __new__(cls, str | bytes | bytearray, /, base: SupportsIndex) -> int
packages/afo-core/AFO/api/routers/budget.py: note: In function "get_budget_prediction":
packages/afo-core/AFO/api/routers/budget.py:422: error: No overload variant of "int" matches argument type "object"  [call-overload]
packages/afo-core/AFO/api/routers/budget.py:422: note: Possible overload variants:
packages/afo-core/AFO/api/routers/budget.py:422: note:     def __new__(cls, str | Buffer | SupportsInt | SupportsIndex | SupportsTrunc = ..., /) -> int
packages/afo-core/AFO/api/routers/budget.py:422: note:     def __new__(cls, str | bytes | bytearray, /, base: SupportsIndex) -> int
packages/afo-core/AFO/api/compat.py:459: note: In module imported here,
packages/afo-core/AFO/domain/audit/trail.py:61: note: ... from here,
packages/afo-core/utils/history.py:48: note: ... from here,
packages/afo-core/AFO/chancellor_graph.py:45: note: ... from here:
packages/afo-core/AFO/api/routers/skills.py: note: In function "execute_skill":
packages/afo-core/AFO/api/routers/skills.py:346: error: Statement is unreachable  [unreachable]
packages/afo-core/AFO/api/routers/skills.py: note: In function "skills_health":
packages/afo-core/AFO/api/routers/skills.py:402: error: Unsupported target for indexed assignment ("object")  [index]
packages/afo-core/AFO/api/routers/skills.py:406: error: Statement is unreachable  [unreachable]
packages/afo-core/llm_router.py:524: note: In module imported here,
packages/afo-core/AFO/__init__.py:23: note: ... from here:
packages/afo-core/AFO/services/llm_cache_service.py: note: In member "_generate_cache_key" of class "LLMCacheService":
packages/afo-core/AFO/services/llm_cache_service.py:101: error: Unsupported operand types for > ("int" and "object")  [operator]
packages/afo-core/AFO/services/llm_cache_service.py: note: In member "cache_response" of class "LLMCacheService":
packages/afo-core/AFO/services/llm_cache_service.py:162: error: Incompatible types in assignment (expression has type "object", variable has type "int | None")  [assignment]
packages/afo-core/AFO/services/llm_cache_service.py:171: error: Argument "ttl" to "LLMCacheEntry" has incompatible type "int | None"; expected "int"  [arg-type]
packages/afo-core/AFO/services/llm_cache_service.py: note: In member "clear_cache" of class "LLMCacheService":
packages/afo-core/AFO/services/llm_cache_service.py:213: error: Returning Any from function declared to return "int"  [no-any-return]
packages/afo-core/services/trinity_calculator.py:190: note: In module imported here,
packages/afo-core/AFO/chancellor_graph.py:28: note: ... from here:
packages/afo-core/AFO/api/middleware/prometheus.py: note: In member "dispatch" of class "PrometheusMiddleware":
packages/afo-core/AFO/api/middleware/prometheus.py:110: error: Returning Any from function declared to return "Response"  [no-any-return]
packages/afo-core/AFO/api/compat.py:212: note: In module imported here,
packages/afo-core/AFO/domain/audit/trail.py:61: note: ... from here,
packages/afo-core/utils/history.py:48: note: ... from here,
packages/afo-core/AFO/chancellor_graph.py:45: note: ... from here:
packages/afo-core/AFO/services/hybrid_rag.py:19: error: Name "GraphDatabase" already defined (possibly by an import)  [no-redef]
packages/afo-core/AFO/services/hybrid_rag.py:19: note: Error code "no-redef" not covered by "type: ignore" comment
packages/afo-core/AFO/services/hybrid_rag.py:26: error: Name "QdrantClient" already defined (possibly by an import)  [no-redef]
packages/afo-core/AFO/services/hybrid_rag.py:26: note: Error code "no-redef" not covered by "type: ignore" comment
packages/afo-core/AFO/services/hybrid_rag.py:27: error: Name "qmodels" already defined (by an import)  [no-redef]
packages/afo-core/AFO/services/hybrid_rag.py:27: note: Error code "no-redef" not covered by "type: ignore" comment
packages/afo-core/AFO/services/hybrid_rag.py:34: error: Name "RealDictCursor" already defined (possibly by an import)  [no-redef]
packages/afo-core/AFO/services/hybrid_rag.py:34: note: Error code "no-redef" not covered by "type: ignore" comment
packages/afo-core/AFO/services/hybrid_rag.py:35: error: Name "register_vector" already defined (possibly by an import)  [no-redef]
packages/afo-core/AFO/services/hybrid_rag.py:35: note: Error code "no-redef" not covered by "type: ignore" comment
packages/afo-core/AFO/services/hybrid_rag.py: note: In function "query_graph_context":
packages/afo-core/AFO/services/hybrid_rag.py:248: error: Function "GraphDatabase" could always be true in boolean context  [truthy-function]
packages/afo-core/AFO/services/hybrid_rag.py: note: At top level:
packages/afo-core/AFO/services/hybrid_rag.py:19: error: Unused "type: ignore" comment  [unused-ignore]
packages/afo-core/AFO/services/hybrid_rag.py:26: error: Unused "type: ignore" comment  [unused-ignore]
packages/afo-core/AFO/services/hybrid_rag.py:27: error: Unused "type: ignore" comment  [unused-ignore]
packages/afo-core/AFO/services/hybrid_rag.py:34: error: Unused "type: ignore" comment  [unused-ignore]
packages/afo-core/AFO/services/hybrid_rag.py:35: error: Unused "type: ignore" comment  [unused-ignore]
packages/afo-core/AFO/api/middleware/__init__.py:31: error: Unused "type: ignore" comment  [unused-ignore]
packages/afo-core/AFO/api/middleware/__init__.py:42: error: Unused "type: ignore" comment  [unused-ignore]
packages/afo-core/AFO/api/middleware/__init__.py:53: error: Unused "type: ignore" comment  [unused-ignore]
packages/afo-core/AFO/api/compat.py:578: note: In module imported here,
packages/afo-core/AFO/domain/audit/trail.py:61: note: ... from here,
packages/afo-core/utils/history.py:48: note: ... from here,
packages/afo-core/AFO/chancellor_graph.py:45: note: ... from here:
packages/afo-core/AFO/api/routers/rag_query.py: note: In function "query_knowledge_base":
packages/afo-core/AFO/api/routers/rag_query.py:158: error: Incompatible types in assignment (expression has type "dict[str, Any]", variable has type "list[dict[str, Any]] | BaseException")  [assignment]
packages/afo-core/AFO/api/routers/rag_query.py:159: error: Unsupported right operand type for in ("list[dict[str, Any]] | BaseException")  [operator]
packages/afo-core/AFO/api/routers/rag_query.py:159: error: No overload variant of "__getitem__" of "list" matches argument type "str"  [call-overload]
packages/afo-core/AFO/api/routers/rag_query.py:159: note: Possible overload variants:
packages/afo-core/AFO/api/routers/rag_query.py:159: note:     def __getitem__(self, SupportsIndex, /) -> dict[str, Any]
packages/afo-core/AFO/api/routers/rag_query.py:159: note:     def __getitem__(self, slice[Any, Any, Any], /) -> list[dict[str, Any]]
packages/afo-core/AFO/api/routers/rag_query.py:159: error: Value of type "list[dict[str, Any]] | BaseException" is not indexable  [index]
packages/afo-core/AFO/api/routers/rag_query.py:162: error: No overload variant of "__getitem__" of "list" matches argument type "str"  [call-overload]
packages/afo-core/AFO/api/routers/rag_query.py:162: note: Possible overload variants:
packages/afo-core/AFO/api/routers/rag_query.py:162: note:     def __getitem__(self, SupportsIndex, /) -> dict[str, Any]
packages/afo-core/AFO/api/routers/rag_query.py:162: note:     def __getitem__(self, slice[Any, Any, Any], /) -> list[dict[str, Any]]
packages/afo-core/AFO/api/routers/rag_query.py:162: error: Value of type "list[dict[str, Any]] | BaseException" is not indexable  [index]
packages/afo-core/AFO/julie_cpa/services/julie_service.py:11: note: In module imported here,
packages/afo-core/config/friction_calibrator.py:74: note: ... from here,
packages/afo-core/services/trinity_calculator.py:27: note: ... from here,
packages/afo-core/AFO/chancellor_graph.py:28: note: ... from here:
packages/afo-core/AFO/llm_router.py: note: In member "_initialize_configs" of class "LLMRouter":
packages/afo-core/AFO/llm_router.py:225: error: Incompatible import of "get_settings" (imported name has type "Callable[[str | None], config.settings.AFOSettings]", local name has type "Callable[[str | None], AFO.config.settings.AFOSettings]")  [assignment]
packages/afo-core/AFO/llm_router.py: note: In member "_query_google" of class "LLMRouter":
packages/afo-core/AFO/llm_router.py:685: error: Incompatible import of "gemini_api" (imported name has type "llms.gemini_api.GeminiAPIWrapper", local name has type "AFO.llms.gemini_api.GeminiAPIWrapper")  [assignment]
packages/afo-core/AFO/llm_router.py: note: In member "_call_llm" of class "LLMRouter":
packages/afo-core/AFO/llm_router.py:821: error: Returning Any from function declared to return "str"  [no-any-return]
packages/afo-core/AFO/llm_router.py:837: error: Returning Any from function declared to return "str"  [no-any-return]
packages/afo-core/AFO/llm_router.py:861: error: Returning Any from function declared to return "str"  [no-any-return]
packages/afo-core/AFO/llm_router.py: note: At top level:
packages/afo-core/AFO/llm_router.py:226: error: Unused "type: ignore" comment  [unused-ignore]
packages/afo-core/AFO/llm_router.py:682: error: Unused "type: ignore" comment  [unused-ignore]
packages/afo-core/AFO/llm_router.py:686: error: Unused "type: ignore" comment  [unused-ignore]
packages/afo-core/AFO/__init__.py:23: note: In module imported here:
packages/afo-core/llm_router.py: note: In member "_initialize_configs" of class "LLMRouter":
packages/afo-core/llm_router.py:225: error: Incompatible import of "get_settings" (imported name has type "Callable[[str | None], config.settings.AFOSettings]", local name has type "Callable[[str | None], AFO.config.settings.AFOSettings]")  [assignment]
packages/afo-core/llm_router.py: note: In member "_query_google" of class "LLMRouter":
packages/afo-core/llm_router.py:685: error: Incompatible import of "gemini_api" (imported name has type "llms.gemini_api.GeminiAPIWrapper", local name has type "AFO.llms.gemini_api.GeminiAPIWrapper")  [assignment]
packages/afo-core/llm_router.py: note: In member "_call_llm" of class "LLMRouter":
packages/afo-core/llm_router.py:821: error: Returning Any from function declared to return "str"  [no-any-return]
packages/afo-core/llm_router.py:837: error: Returning Any from function declared to return "str"  [no-any-return]
packages/afo-core/llm_router.py:861: error: Returning Any from function declared to return "str"  [no-any-return]
packages/afo-core/llm_router.py: note: At top level:
packages/afo-core/llm_router.py:226: error: Unused "type: ignore" comment  [unused-ignore]
packages/afo-core/llm_router.py:682: error: Unused "type: ignore" comment  [unused-ignore]
packages/afo-core/llm_router.py:686: error: Unused "type: ignore" comment  [unused-ignore]
packages/afo-core/AFO/services/vision_verifier.py:12: note: In module imported here,
packages/afo-core/AFO/serenity/creation_loop.py:23: note: ... from here,
packages/afo-core/AFO/api/routers/serenity_router.py:8: note: ... from here,
packages/afo-core/AFO/api/compat.py:562: note: ... from here,
packages/afo-core/AFO/domain/audit/trail.py:61: note: ... from here,
packages/afo-core/utils/history.py:48: note: ... from here,
packages/afo-core/AFO/chancellor_graph.py:45: note: ... from here:
packages/afo-core/AFO/utils/playwright_bridge.py: note: In member "verify_ui" of class "PlaywrightBridgeMCP":
packages/afo-core/AFO/utils/playwright_bridge.py:104: error: Argument "viewport" to "new_context" of "Browser" has incompatible type "dict[str, int]"; expected "ViewportSize | None"  [arg-type]
packages/afo-core/config/friction_calibrator.py:74: note: In module imported here,
packages/afo-core/services/trinity_calculator.py:27: note: ... from here,
packages/afo-core/AFO/chancellor_graph.py:28: note: ... from here:
packages/afo-core/AFO/julie_cpa/services/julie_service.py: note: In member "calculate_tax_scenario" of class "JulieService":
packages/afo-core/AFO/julie_cpa/services/julie_service.py:207: error: Incompatible types in assignment (expression has type "float | int", variable has type "int")  [assignment]
packages/afo-core/AFO/api/routers/serenity_router.py:8: note: In module imported here,
packages/afo-core/AFO/api/compat.py:562: note: ... from here,
packages/afo-core/AFO/domain/audit/trail.py:61: note: ... from here,
packages/afo-core/utils/history.py:48: note: ... from here,
packages/afo-core/AFO/chancellor_graph.py:45: note: ... from here:
packages/afo-core/AFO/serenity/creation_loop.py: note: In member "create_ui" of class "SerenityCreationLoop":
packages/afo-core/AFO/serenity/creation_loop.py:102: error: Need type annotation for "verification_data" (hint: "verification_data: dict[<type>, <type>] = ...")  [var-annotated]
packages/afo-core/AFO/serenity/creation_loop.py:104: error: Statement is unreachable  [unreachable]
packages/afo-core/AFO/serenity/creation_loop.py:142: error: Statement is unreachable  [unreachable]
packages/afo-core/AFO/serenity/creation_loop.py: note: In member "_generate_code" of class "SerenityCreationLoop":
packages/afo-core/AFO/serenity/creation_loop.py:198: error: Returning Any from function declared to return "str"  [no-any-return]
packages/afo-core/AFO/chancellor_graph.py:453: note: In module imported here:
packages/afo-core/AFO/utils/redis_saver.py: note: In member "_dump" of class "AsyncRedisSaver":
packages/afo-core/AFO/utils/redis_saver.py:37: error: Returning Any from function declared to return "str"  [no-any-return]
packages/afo-core/AFO/utils/redis_saver.py:42: error: Returning Any from function declared to return "str"  [no-any-return]
packages/afo-core/AFO/utils/redis_saver.py: note: In member "get_tuple" of class "AsyncRedisSaver":
packages/afo-core/AFO/utils/redis_saver.py:84: error: Argument 1 to "loads" has incompatible type "Awaitable[Any] | Any"; expected "str | bytes | bytearray"  [arg-type]
packages/afo-core/AFO/utils/redis_saver.py: note: In member "aput_writes" of class "AsyncRedisSaver":
packages/afo-core/AFO/utils/redis_saver.py:164: error: Signature of "aput_writes" incompatible with supertype "langgraph.checkpoint.base.BaseCheckpointSaver"  [override]
packages/afo-core/AFO/utils/redis_saver.py:164: note:      Superclass:
packages/afo-core/AFO/utils/redis_saver.py:164: note:          def aput_writes(self, config: RunnableConfig, writes: Sequence[tuple[str, Any]], task_id: str, task_path: str = ...) -> Coroutine[Any, Any, None]
packages/afo-core/AFO/utils/redis_saver.py:164: note:      Subclass:
packages/afo-core/AFO/utils/redis_saver.py:164: note:          def aput_writes(self, config: RunnableConfig, writes: list[tuple[str, Any]], task_id: str) -> Coroutine[Any, Any, None]
packages/afo-core/AFO/api/routers/personas.py:17: note: In module imported here,
packages/afo-core/AFO/api/compat.py:401: note: ... from here,
packages/afo-core/AFO/domain/audit/trail.py:61: note: ... from here,
packages/afo-core/utils/history.py:48: note: ... from here,
packages/afo-core/AFO/chancellor_graph.py:45: note: ... from here:
packages/afo-core/AFO/services/persona_service.py: note: In member "_send_via_mcp" of class "PersonaService":
packages/afo-core/AFO/services/persona_service.py:372: error: Module "AFO.api.compat" has no attribute "get_trinity_os_client"  [attr-defined]
packages/afo-core/AFO/services/persona_service.py: note: In member "_send_via_sse" of class "PersonaService":
packages/afo-core/AFO/services/persona_service.py:403: error: Module "AFO.api_server" has no attribute "neural_event_queue"  [attr-defined]
packages/afo-core/AFO/api/config.py:62: note: In module imported here,
packages/afo-core/api_server.py:33: note: ... from here,
packages/afo-core/AFO/__init__.py:35: note: ... from here:
packages/afo-core/AFO/api/initialization.py: note: In function "_initialize_multimodal_rag":
packages/afo-core/AFO/api/initialization.py:146: error: Statement is unreachable  [unreachable]
packages/afo-core/AFO/api/initialization.py: note: In function "_initialize_yeongdeok":
packages/afo-core/AFO/api/initialization.py:194: error: Name "_YC" already defined (possibly by an import)  [no-redef]
packages/afo-core/AFO/api/initialization.py: note: In function "_initialize_strategy_engine":
packages/afo-core/AFO/api/initialization.py:241: error: "Workflow" has no attribute "compile"  [attr-defined]
packages/afo-core/AFO/api/initialization.py:244: error: Incompatible types in assignment (expression has type "None", variable has type "CompiledStateGraph[ChancellorState, None, StateT, StateT]")  [assignment]
packages/afo-core/AFO/api/initialization.py:249: error: Incompatible types in assignment (expression has type "None", variable has type "CompiledStateGraph[ChancellorState, None, StateT, StateT]")  [assignment]
packages/afo-core/AFO/api/config.py:61: note: In module imported here,
packages/afo-core/api_server.py:33: note: ... from here,
packages/afo-core/AFO/__init__.py:35: note: ... from here:
packages/afo-core/AFO/api/cleanup.py: note: In function "_cleanup_yeongdeok":
packages/afo-core/AFO/api/cleanup.py:38: error: "YeongdeokComplete" has no attribute "close_eyes"  [attr-defined]
packages/afo-core/AFO/api/initialization.py:228: note: In module imported here,
packages/afo-core/AFO/api/config.py:62: note: ... from here,
packages/afo-core/api_server.py:33: note: ... from here,
packages/afo-core/AFO/__init__.py:35: note: ... from here:
packages/afo-core/chancellor_graph.py:62: error: Cannot assign to a type  [misc]
packages/afo-core/chancellor_graph.py:62: note: Error code "misc" not covered by "type: ignore" comment
packages/afo-core/chancellor_graph.py:63: error: Cannot assign to a type  [misc]
packages/afo-core/chancellor_graph.py:63: note: Error code "misc" not covered by "type: ignore" comment
packages/afo-core/chancellor_graph.py:76: error: Cannot assign to a type  [misc]
packages/afo-core/chancellor_graph.py:76: note: Error code "misc" not covered by "type: ignore" comment
packages/afo-core/chancellor_graph.py:83: error: Statement is unreachable  [unreachable]
packages/afo-core/chancellor_graph.py:91: error: Statement is unreachable  [unreachable]
packages/afo-core/chancellor_graph.py:102: error: Cannot assign to a type  [misc]
packages/afo-core/chancellor_graph.py:102: note: Error code "misc" not covered by "type: ignore" comment
packages/afo-core/chancellor_graph.py: note: In function "zhuge_node":
packages/afo-core/chancellor_graph.py:288: error: "Callable[[dict[str, Any]], float]" has no attribute "truth_evaluate"  [attr-defined]
packages/afo-core/chancellor_graph.py:288: error: Function "zhuge_liang" could always be true in boolean context  [truthy-function]
packages/afo-core/chancellor_graph.py: note: In function "sima_node":
packages/afo-core/chancellor_graph.py:295: error: "Callable[[dict[str, Any]], float]" has no attribute "goodness_review"  [attr-defined]
packages/afo-core/chancellor_graph.py:295: error: Function "sima_yi" could always be true in boolean context  [truthy-function]
packages/afo-core/chancellor_graph.py: note: In function "zhou_node":
packages/afo-core/chancellor_graph.py:301: error: "Callable[[dict[str, Any]], float]" has no attribute "beauty_optimize"  [attr-defined]
packages/afo-core/chancellor_graph.py:301: error: Function "zhou_yu" could always be true in boolean context  [truthy-function]
packages/afo-core/chancellor_graph.py: note: In function "trinity_node":
packages/afo-core/chancellor_graph.py:319: error: "Callable[[dict[Any, Any]], str]" has no attribute "serenity_deploy"  [attr-defined]
packages/afo-core/chancellor_graph.py:320: error: Function "ma_chao" could always be true in boolean context  [truthy-function]
packages/afo-core/chancellor_graph.py:324: error: "Callable[[str, dict[Any, Any] | None], str]" has no attribute "eternity_log"  [attr-defined]
packages/afo-core/chancellor_graph.py:325: error: Function "huang_zhong" could always be true in boolean context  [truthy-function]
packages/afo-core/chancellor_graph.py: note: In function "tigers_node":
packages/afo-core/chancellor_graph.py:434: error: "Callable[[dict[str, Any]], float]" has no attribute "truth_guard"  [attr-defined]
packages/afo-core/chancellor_graph.py:435: error: "Callable[[float, dict[Any, Any] | None], float]" has no attribute "goodness_gate"  [attr-defined]
packages/afo-core/chancellor_graph.py:436: error: "Callable[[str, int], str]" has no attribute "beauty_craft"  [attr-defined]
packages/afo-core/chancellor_graph.py:437: error: "Callable[[dict[Any, Any]], str]" has no attribute "serenity_deploy"  [attr-defined]
packages/afo-core/chancellor_graph.py:438: error: "Callable[[str, dict[Any, Any] | None], str]" has no attribute "eternity_log"  [attr-defined]
packages/afo-core/chancellor_graph.py:450: error: Function "VerdictLogger" could always be true in boolean context  [truthy-function]
packages/afo-core/chancellor_graph.py:450: error: Function "emit_verdict" could always be true in boolean context  [truthy-function]
packages/afo-core/chancellor_graph.py:477: error: Argument "decision" to "emit_verdict" has incompatible type "str"; expected "Literal['AUTO_RUN', 'ASK']"  [arg-type]
packages/afo-core/chancellor_graph.py: note: In function "historian_node":
packages/afo-core/chancellor_graph.py:513: error: Function "VerdictLogger" could always be true in boolean context  [truthy-function]
packages/afo-core/chancellor_graph.py:513: error: Function "emit_verdict" could always be true in boolean context  [truthy-function]
packages/afo-core/chancellor_graph.py:553: error: Argument "decision" to "emit_verdict" has incompatible type "str"; expected "Literal['AUTO_RUN', 'ASK']"  [arg-type]
packages/afo-core/chancellor_graph.py: note: At top level:
packages/afo-core/chancellor_graph.py:102: error: Unused "type: ignore" comment  [unused-ignore]
packages/afo-core/AFO/chancellor_graph.py:62: error: Cannot assign to a type  [misc]
packages/afo-core/AFO/chancellor_graph.py:62: note: Error code "misc" not covered by "type: ignore" comment
packages/afo-core/AFO/chancellor_graph.py:63: error: Cannot assign to a type  [misc]
packages/afo-core/AFO/chancellor_graph.py:63: note: Error code "misc" not covered by "type: ignore" comment
packages/afo-core/AFO/chancellor_graph.py:76: error: Cannot assign to a type  [misc]
packages/afo-core/AFO/chancellor_graph.py:76: note: Error code "misc" not covered by "type: ignore" comment
packages/afo-core/AFO/chancellor_graph.py:83: error: Statement is unreachable  [unreachable]
packages/afo-core/AFO/chancellor_graph.py:91: error: Statement is unreachable  [unreachable]
packages/afo-core/AFO/chancellor_graph.py:102: error: Unused "type: ignore" comment  [unused-ignore]
packages/afo-core/AFO/chancellor_graph.py:102: error: Cannot assign to a type  [misc]
packages/afo-core/AFO/chancellor_graph.py:102: note: Error code "misc" not covered by "type: ignore" comment
packages/afo-core/AFO/chancellor_graph.py: note: In function "zhuge_node":
packages/afo-core/AFO/chancellor_graph.py:288: error: "Callable[[dict[str, Any]], float]" has no attribute "truth_evaluate"  [attr-defined]
packages/afo-core/AFO/chancellor_graph.py:288: error: Function "zhuge_liang" could always be true in boolean context  [truthy-function]
packages/afo-core/AFO/chancellor_graph.py: note: In function "sima_node":
packages/afo-core/AFO/chancellor_graph.py:295: error: "Callable[[dict[str, Any]], float]" has no attribute "goodness_review"  [attr-defined]
packages/afo-core/AFO/chancellor_graph.py:295: error: Function "sima_yi" could always be true in boolean context  [truthy-function]
packages/afo-core/AFO/chancellor_graph.py: note: In function "zhou_node":
packages/afo-core/AFO/chancellor_graph.py:301: error: "Callable[[dict[str, Any]], float]" has no attribute "beauty_optimize"  [attr-defined]
packages/afo-core/AFO/chancellor_graph.py:301: error: Function "zhou_yu" could always be true in boolean context  [truthy-function]
packages/afo-core/AFO/chancellor_graph.py: note: In function "trinity_node":
packages/afo-core/AFO/chancellor_graph.py:319: error: "Callable[[dict[Any, Any]], str]" has no attribute "serenity_deploy"  [attr-defined]
packages/afo-core/AFO/chancellor_graph.py:320: error: Function "ma_chao" could always be true in boolean context  [truthy-function]
packages/afo-core/AFO/chancellor_graph.py:324: error: "Callable[[str, dict[Any, Any] | None], str]" has no attribute "eternity_log"  [attr-defined]
packages/afo-core/AFO/chancellor_graph.py:325: error: Function "huang_zhong" could always be true in boolean context  [truthy-function]
packages/afo-core/AFO/chancellor_graph.py: note: In function "tigers_node":
packages/afo-core/AFO/chancellor_graph.py:434: error: "Callable[[dict[str, Any]], float]" has no attribute "truth_guard"  [attr-defined]
packages/afo-core/AFO/chancellor_graph.py:435: error: "Callable[[float, dict[Any, Any] | None], float]" has no attribute "goodness_gate"  [attr-defined]
packages/afo-core/AFO/chancellor_graph.py:436: error: "Callable[[str, int], str]" has no attribute "beauty_craft"  [attr-defined]
packages/afo-core/AFO/chancellor_graph.py:437: error: "Callable[[dict[Any, Any]], str]" has no attribute "serenity_deploy"  [attr-defined]
packages/afo-core/AFO/chancellor_graph.py:438: error: "Callable[[str, dict[Any, Any] | None], str]" has no attribute "eternity_log"  [attr-defined]
packages/afo-core/AFO/chancellor_graph.py:450: error: Function "VerdictLogger" could always be true in boolean context  [truthy-function]
packages/afo-core/AFO/chancellor_graph.py:450: error: Function "emit_verdict" could always be true in boolean context  [truthy-function]
packages/afo-core/AFO/chancellor_graph.py:477: error: Argument "decision" to "emit_verdict" has incompatible type "str"; expected "Literal['AUTO_RUN', 'ASK']"  [arg-type]
packages/afo-core/AFO/chancellor_graph.py: note: In function "historian_node":
packages/afo-core/AFO/chancellor_graph.py:513: error: Function "VerdictLogger" could always be true in boolean context  [truthy-function]
packages/afo-core/AFO/chancellor_graph.py:513: error: Function "emit_verdict" could always be true in boolean context  [truthy-function]
packages/afo-core/AFO/chancellor_graph.py:553: error: Argument "decision" to "emit_verdict" has incompatible type "str"; expected "Literal['AUTO_RUN', 'ASK']"  [arg-type]
packages/afo-core/AFO/api/routers/__init__.py:27: error: Argument 1 to "module_from_spec" has incompatible type "ModuleSpec | None"; expected "ModuleSpec"  [arg-type]
Found 124 errors in 22 files (checked 1 source file)
