AFO/services/security/circuit_breaker.py:49: error: Statement is unreachable  [unreachable]
AFO/serenity/action_validator.py:129: error: Argument 1 to "_validate_action_type" of "ActionValidator" has incompatible type "Any | None"; expected "str"  [arg-type]
AFO/services/mcp_stdio_client.py:58: error: Returning Any from function declared to return "dict[str, Any]"  [no-any-return]
AFO/services/mcp_stdio_client.py:228: error: List comprehension has incompatible type List[Any | None]; expected List[str]  [misc]
AFO/services/context7_service.py:65: error: Incompatible types in assignment (expression has type "Path", variable has type "str | None")  [assignment]
AFO/utils/automation.py:221: error: Redundant cast to "T"  [redundant-cast]
AFO/api/middleware/sql_guard.py:55: error: Returning Any from function declared to return "Response"  [no-any-return]
AFO/api/middleware/sql_guard.py:81: error: Unused "type: ignore" comment  [unused-ignore]
AFO/api/middleware/sql_guard.py:88: error: Returning Any from function declared to return "Response"  [no-any-return]
AFO/api/middleware/request_limits.py:35: error: Returning Any from function declared to return "Response"  [no-any-return]
AFO/api/middleware/rate_limit.py:86: error: Returning Any from function declared to return "Response"  [no-any-return]
AFO/api/middleware/rate_limit.py:90: error: Returning Any from function declared to return "Response"  [no-any-return]
AFO/api/middleware/rate_limit.py:101: error: Returning Any from function declared to return "Response"  [no-any-return]
AFO/services/redis_cache_service.py:308: error: Statement is unreachable  [unreachable]
AFO/services/redis_cache_service.py:371: error: Statement is unreachable  [unreachable]
AFO/domain/janus/contract.py:44: error: No overload variant of "Field" matches argument types "EllipsisType", "int", "str"  [call-overload]
AFO/domain/janus/contract.py:44: note: Possible overload variants:
AFO/domain/janus/contract.py:44: note:     def Field(default: EllipsisType, *, alias: str | None = ..., alias_priority: int | None = ..., validation_alias: str | AliasPath | AliasChoices | None = ..., serialization_alias: str | None = ..., title: str | None = ..., field_title_generator: Callable[[str, FieldInfo], str] | None = ..., description: str | None = ..., examples: list[Any] | None = ..., exclude: bool | None = ..., exclude_if: Callable[[Any], bool] | None = ..., discriminator: str | Discriminator | None = ..., deprecated: deprecated | str | bool | None = ..., json_schema_extra: JsonDict | Callable[[JsonDict], None] | None = ..., frozen: bool | None = ..., validate_default: bool | None = ..., repr: bool = ..., init: bool | None = ..., init_var: bool | None = ..., kw_only: bool | None = ..., pattern: str | Pattern[str] | None = ..., strict: bool | None = ..., coerce_numbers_to_str: bool | None = ..., gt: SupportsGt | None = ..., ge: SupportsGe | None = ..., lt: SupportsLt | None = ..., le: SupportsLe | None = ..., multiple_of: float | None = ..., allow_inf_nan: bool | None = ..., max_digits: int | None = ..., decimal_places: int | None = ..., min_length: int | None = ..., max_length: int | None = ..., union_mode: Literal['smart', 'left_to_right'] = ..., fail_fast: bool | None = ...) -> Any
AFO/domain/janus/contract.py:44: note:     def Field(default: Any, *, alias: str | None = ..., alias_priority: int | None = ..., validation_alias: str | AliasPath | AliasChoices | None = ..., serialization_alias: str | None = ..., title: str | None = ..., field_title_generator: Callable[[str, FieldInfo], str] | None = ..., description: str | None = ..., examples: list[Any] | None = ..., exclude: bool | None = ..., exclude_if: Callable[[Any], bool] | None = ..., discriminator: str | Discriminator | None = ..., deprecated: deprecated | str | bool | None = ..., json_schema_extra: JsonDict | Callable[[JsonDict], None] | None = ..., frozen: bool | None = ..., validate_default: Literal[True], repr: bool = ..., init: bool | None = ..., init_var: bool | None = ..., kw_only: bool | None = ..., pattern: str | Pattern[str] | None = ..., strict: bool | None = ..., coerce_numbers_to_str: bool | None = ..., gt: SupportsGt | None = ..., ge: SupportsGe | None = ..., lt: SupportsLt | None = ..., le: SupportsLe | None = ..., multiple_of: float | None = ..., allow_inf_nan: bool | None = ..., max_digits: int | None = ..., decimal_places: int | None = ..., min_length: int | None = ..., max_length: int | None = ..., union_mode: Literal['smart', 'left_to_right'] = ..., fail_fast: bool | None = ...) -> Any
AFO/domain/janus/contract.py:44: note:     def [_T] Field(default: _T, *, alias: str | None = ..., alias_priority: int | None = ..., validation_alias: str | AliasPath | AliasChoices | None = ..., serialization_alias: str | None = ..., title: str | None = ..., field_title_generator: Callable[[str, FieldInfo], str] | None = ..., description: str | None = ..., examples: list[Any] | None = ..., exclude: bool | None = ..., exclude_if: Callable[[Any], bool] | None = ..., discriminator: str | Discriminator | None = ..., deprecated: deprecated | str | bool | None = ..., json_schema_extra: JsonDict | Callable[[JsonDict], None] | None = ..., frozen: bool | None = ..., validate_default: Literal[False] = ..., repr: bool = ..., init: bool | None = ..., init_var: bool | None = ..., kw_only: bool | None = ..., pattern: str | Pattern[str] | None = ..., strict: bool | None = ..., coerce_numbers_to_str: bool | None = ..., gt: SupportsGt | None = ..., ge: SupportsGe | None = ..., lt: SupportsLt | None = ..., le: SupportsLe | None = ..., multiple_of: float | None = ..., allow_inf_nan: bool | None = ..., max_digits: int | None = ..., decimal_places: int | None = ..., min_length: int | None = ..., max_length: int | None = ..., union_mode: Literal['smart', 'left_to_right'] = ..., fail_fast: bool | None = ...) -> _T
AFO/domain/janus/contract.py:44: note:     def Field(*, default_factory: Callable[[], Any] | Callable[[dict[str, Any]], Any], alias: str | None = ..., alias_priority: int | None = ..., validation_alias: str | AliasPath | AliasChoices | None = ..., serialization_alias: str | None = ..., title: str | None = ..., field_title_generator: Callable[[str, FieldInfo], str] | None = ..., description: str | None = ..., examples: list[Any] | None = ..., exclude: bool | None = ..., exclude_if: Callable[[Any], bool] | None = ..., discriminator: str | Discriminator | None = ..., deprecated: deprecated | str | bool | None = ..., json_schema_extra: JsonDict | Callable[[JsonDict], None] | None = ..., frozen: bool | None = ..., validate_default: Literal[True], repr: bool = ..., init: bool | None = ..., init_var: bool | None = ..., kw_only: bool | None = ..., pattern: str | Pattern[str] | None = ..., strict: bool | None = ..., coerce_numbers_to_str: bool | None = ..., gt: SupportsGt | None = ..., ge: SupportsGe | None = ..., lt: SupportsLt | None = ..., le: SupportsLe | None = ..., multiple_of: float | None = ..., allow_inf_nan: bool | None = ..., max_digits: int | None = ..., decimal_places: int | None = ..., min_length: int | None = ..., max_length: int | None = ..., union_mode: Literal['smart', 'left_to_right'] = ..., fail_fast: bool | None = ...) -> Any
AFO/domain/janus/contract.py:44: note:     def [_T] Field(*, default_factory: Callable[[], _T] | Callable[[dict[str, Any]], _T], alias: str | None = ..., alias_priority: int | None = ..., validation_alias: str | AliasPath | AliasChoices | None = ..., serialization_alias: str | None = ..., title: str | None = ..., field_title_generator: Callable[[str, FieldInfo], str] | None = ..., description: str | None = ..., examples: list[Any] | None = ..., exclude: bool | None = ..., exclude_if: Callable[[Any], bool] | None = ..., discriminator: str | Discriminator | None = ..., deprecated: deprecated | str | bool | None = ..., json_schema_extra: JsonDict | Callable[[JsonDict], None] | None = ..., frozen: bool | None = ..., validate_default: Literal[False] | None = ..., repr: bool = ..., init: bool | None = ..., init_var: bool | None = ..., kw_only: bool | None = ..., pattern: str | Pattern[str] | None = ..., strict: bool | None = ..., coerce_numbers_to_str: bool | None = ..., gt: SupportsGt | None = ..., ge: SupportsGe | None = ..., lt: SupportsLt | None = ..., le: SupportsLe | None = ..., multiple_of: float | None = ..., allow_inf_nan: bool | None = ..., max_digits: int | None = ..., decimal_places: int | None = ..., min_length: int | None = ..., max_length: int | None = ..., union_mode: Literal['smart', 'left_to_right'] = ..., fail_fast: bool | None = ...) -> _T
AFO/domain/janus/contract.py:44: note:     def Field(*, alias: str | None = ..., alias_priority: int | None = ..., validation_alias: str | AliasPath | AliasChoices | None = ..., serialization_alias: str | None = ..., title: str | None = ..., field_title_generator: Callable[[str, FieldInfo], str] | None = ..., description: str | None = ..., examples: list[Any] | None = ..., exclude: bool | None = ..., exclude_if: Callable[[Any], bool] | None = ..., discriminator: str | Discriminator | None = ..., deprecated: deprecated | str | bool | None = ..., json_schema_extra: JsonDict | Callable[[JsonDict], None] | None = ..., frozen: bool | None = ..., validate_default: bool | None = ..., repr: bool = ..., init: bool | None = ..., init_var: bool | None = ..., kw_only: bool | None = ..., pattern: str | Pattern[str] | None = ..., strict: bool | None = ..., coerce_numbers_to_str: bool | None = ..., gt: SupportsGt | None = ..., ge: SupportsGe | None = ..., lt: SupportsLt | None = ..., le: SupportsLe | None = ..., multiple_of: float | None = ..., allow_inf_nan: bool | None = ..., max_digits: int | None = ..., decimal_places: int | None = ..., min_length: int | None = ..., max_length: int | None = ..., union_mode: Literal['smart', 'left_to_right'] = ..., fail_fast: bool | None = ...) -> Any
AFO/serenity/visual_agent.py:227: error: Value of type "object" is not indexable  [index]
AFO/julie_cpa/grok_engine.py:35: error: Cannot assign to a type  [misc]
AFO/julie_cpa/grok_engine.py:35: error: Incompatible types in assignment (expression has type "None", variable has type "type[AsyncOpenAI]")  [assignment]
AFO/julie_cpa/grok_engine.py:43: error: Incompatible types in assignment (expression has type "None", variable has type "Callable[[], PlaywrightContextManager]")  [assignment]
AFO/julie_cpa/grok_engine.py:51: error: Incompatible types in assignment (expression has type "None", variable has type Module)  [assignment]
AFO/julie_cpa/grok_engine.py:303: error: Returning Any from function declared to return "dict[str, Any]"  [no-any-return]
AFO/julie_cpa/grok_engine.py:303: error: Argument 1 to "loads" has incompatible type "str | None"; expected "str | bytes | bytearray"  [arg-type]
AFO/julie_cpa/grok_engine.py:521: error: Returning Any from function declared to return "str"  [no-any-return]
AFO/julie_cpa/grok_engine.py:523: error: Returning Any from function declared to return "str"  [no-any-return]
AFO/config/antigravity.py:72: error: Incompatible types in assignment (expression has type "str", variable has type "Literal['ko', 'en']")  [assignment]
AFO/config/antigravity.py:253: error: Redundant cast to "dict[Any, Any]"  [redundant-cast]
AFO/utils/redis_connection.py:97: error: "Redis[Any]" has no attribute "aclose"; maybe "close"?  [attr-defined]
AFO/services/llm_cache_service.py:102: error: Unsupported operand types for > ("int" and "object")  [operator]
AFO/services/llm_cache_service.py:163: error: Incompatible types in assignment (expression has type "object", variable has type "int | None")  [assignment]
AFO/services/llm_cache_service.py:172: error: Argument "ttl" to "LLMCacheEntry" has incompatible type "int | None"; expected "int"  [arg-type]
AFO/services/llm_cache_service.py:214: error: Returning Any from function declared to return "int"  [no-any-return]
AFO/services/antigravity_engine.py:28: error: Unused "type: ignore[misc]" comment  [unused-ignore]
AFO/services/antigravity_engine.py:406: error: Statement is unreachable  [unreachable]
AFO/services/antigravity_engine.py:629: error: Statement is unreachable  [unreachable]
AFO/services/antigravity_engine.py:642: error: Statement is unreachable  [unreachable]
AFO/services/antigravity_engine.py:659: error: Statement is unreachable  [unreachable]
AFO/services/security/rate_limit_redis.py:54: error: "Redis[Any]" has no attribute "aclose"; maybe "close"?  [attr-defined]
AFO/services/security/rate_limit_redis.py:107: error: Returning Any from function declared to return "Response"  [no-any-return]
AFO/services/security/rate_limit_redis.py:111: error: Returning Any from function declared to return "Response"  [no-any-return]
AFO/services/security/rate_limit_redis.py:131: error: Returning Any from function declared to return "Response"  [no-any-return]
AFO/services/security/rate_limit_redis.py:164: error: Argument 2 to "add_exception_handler" of "Starlette" has incompatible type "Callable[[Request, RateLimitExceeded], Response]"; expected "Callable[[Request, Exception], Response | Awaitable[Response]] | Callable[[WebSocket, Exception], Awaitable[None]]"  [arg-type]
AFO/services/security/rate_limit_redis.py:192: error: Argument 1 to "add_middleware" of "Starlette" has incompatible type "type[RedisDownPolicyMiddleware]"; expected "_MiddlewareFactory[[RedisDownPolicy, RedisCircuitProbe, Callable[[Request, str], None]]]"  [arg-type]
AFO/services/security/rate_limit_redis.py:192: note: Following member(s) of "RedisDownPolicyMiddleware" have conflicts:
AFO/services/security/rate_limit_redis.py:192: note:     Expected:
AFO/services/security/rate_limit_redis.py:192: note:         def __call__(self, Callable[[Any, Callable[[], Awaitable[Any]], Callable[[Any], Awaitable[None]]], Awaitable[None]], /, policy: RedisDownPolicy, probe: RedisCircuitProbe, on_warning: Callable[[Request, str], None]) -> Callable[[Any, Callable[[], Awaitable[Any]], Callable[[Any], Awaitable[None]]], Awaitable[None]]
AFO/services/security/rate_limit_redis.py:192: note:     Got:
AFO/services/security/rate_limit_redis.py:192: note:         def __init__(app: FastAPI, policy: RedisDownPolicy, probe: RedisCircuitProbe, on_warning: Callable[[Request, str], None] | None = ...) -> RedisDownPolicyMiddleware
AFO/services/security/rate_limit_redis.py:192: note: "_MiddlewareFactory[[RedisDownPolicy, RedisCircuitProbe, Callable[[Request, str], None]]].__call__" has type "Callable[[Callable[[Any, Callable[[], Awaitable[Any]], Callable[[Any], Awaitable[None]]], Awaitable[None]], Arg(RedisDownPolicy, 'policy'), Arg(RedisCircuitProbe, 'probe'), Arg(Callable[[Arg(Request, 'req'), Arg(str, 'cb_state')], None], 'on_warning')], Callable[[Any, Callable[[], Awaitable[Any]], Callable[[Any], Awaitable[None]]], Awaitable[None]]]"
AFO/services/antigravity/integration/protocol_officer_bridge.py:54: error: Returning Any from function declared to return "str"  [no-any-return]
AFO/services/antigravity/integration/protocol_officer_bridge.py:113: error: Returning Any from function declared to return "str"  [no-any-return]
AFO/api/services/skills_service.py:318: error: Unused "type: ignore" comment  [unused-ignore]
AFO/api/services/skills_service.py:392: error: Unused "type: ignore" comment  [unused-ignore]
AFO/api/routes/system_stream.py:136: error: Incompatible return value type (got "EventSourceResponse", expected "StreamingResponse")  [return-value]
AFO/api/routes/skills.py:95: error: Argument "category" to "SkillFilterParams" has incompatible type "str | None"; expected "SkillCategory | None"  [arg-type]
AFO/api/routes/ragas.py:55: error: Redundant cast to "Redis[Any]"  [redundant-cast]
AFO/api/routes/ragas.py:161: error: Unused "type: ignore" comment  [unused-ignore]
AFO/api/routes/ragas.py:165: error: Unused "type: ignore" comment  [unused-ignore]
AFO/api/routes/context7.py:52: error: Need type annotation for "formatted_results" (hint: "formatted_results: list[<type>] = ...")  [var-annotated]
AFO/api/routers/skills.py:347: error: Statement is unreachable  [unreachable]
AFO/api/routers/skills.py:403: error: Unsupported target for indexed assignment ("object")  [index]
AFO/api/routers/skills.py:407: error: Statement is unreachable  [unreachable]
AFO/api/routers/budget.py:326: error: No overload variant of "int" matches argument type "object"  [call-overload]
AFO/api/routers/budget.py:326: note: Possible overload variants:
AFO/api/routers/budget.py:326: note:     def int(str | Buffer | SupportsInt | SupportsIndex | SupportsTrunc = ..., /) -> int
AFO/api/routers/budget.py:326: note:     def int(str | bytes | bytearray, /, base: SupportsIndex) -> int
AFO/api/routers/budget.py:424: error: No overload variant of "int" matches argument type "object"  [call-overload]
AFO/api/routers/budget.py:424: note: Possible overload variants:
AFO/api/routers/budget.py:424: note:     def int(str | Buffer | SupportsInt | SupportsIndex | SupportsTrunc = ..., /) -> int
AFO/api/routers/budget.py:424: note:     def int(str | bytes | bytearray, /, base: SupportsIndex) -> int
AFO/api/middleware/security.py:35: error: Returning Any from function declared to return "Response"  [no-any-return]
AFO/api/middleware/prometheus.py:111: error: Returning Any from function declared to return "Response"  [no-any-return]
AFO/api/middleware/cache_middleware.py:59: error: Incompatible types in assignment (expression has type "Redis[Any]", variable has type "None")  [assignment]
AFO/api/middleware/cache_middleware.py:62: error: Statement is unreachable  [unreachable]
AFO/api/middleware/cache_middleware.py:89: error: Returning Any from function declared to return "int"  [no-any-return]
AFO/api/middleware/cache_middleware.py:89: error: "object" has no attribute "get"  [attr-defined]
AFO/api/middleware/cache_middleware.py:98: error: Unsupported right operand type for in ("object")  [operator]
AFO/api/middleware/cache_middleware.py:111: error: Returning Any from function declared to return "Response"  [no-any-return]
AFO/api/middleware/cache_middleware.py:118: error: Statement is unreachable  [unreachable]
AFO/api/middleware/cache_middleware.py:155: error: Right operand of "and" is never evaluated  [unreachable]
AFO/api/middleware/cache_middleware.py:157: error: Statement is unreachable  [unreachable]
AFO/api/middleware/cache_middleware.py:222: error: Returning Any from function declared to return "Response"  [no-any-return]
AFO/services/hybrid_rag.py:20: error: Unused "type: ignore" comment  [unused-ignore]
AFO/services/hybrid_rag.py:20: error: Name "GraphDatabase" already defined (possibly by an import)  [no-redef]
AFO/services/hybrid_rag.py:20: note: Error code "no-redef" not covered by "type: ignore" comment
AFO/services/hybrid_rag.py:27: error: Unused "type: ignore" comment  [unused-ignore]
AFO/services/hybrid_rag.py:27: error: Name "QdrantClient" already defined (possibly by an import)  [no-redef]
AFO/services/hybrid_rag.py:27: note: Error code "no-redef" not covered by "type: ignore" comment
AFO/services/hybrid_rag.py:28: error: Unused "type: ignore" comment  [unused-ignore]
AFO/services/hybrid_rag.py:28: error: Name "qmodels" already defined (by an import)  [no-redef]
AFO/services/hybrid_rag.py:28: note: Error code "no-redef" not covered by "type: ignore" comment
AFO/services/hybrid_rag.py:35: error: Unused "type: ignore" comment  [unused-ignore]
AFO/services/hybrid_rag.py:35: error: Name "RealDictCursor" already defined (possibly by an import)  [no-redef]
AFO/services/hybrid_rag.py:35: note: Error code "no-redef" not covered by "type: ignore" comment
AFO/services/hybrid_rag.py:36: error: Unused "type: ignore" comment  [unused-ignore]
AFO/services/hybrid_rag.py:36: error: Name "register_vector" already defined (possibly by an import)  [no-redef]
AFO/services/hybrid_rag.py:36: note: Error code "no-redef" not covered by "type: ignore" comment
AFO/services/hybrid_rag.py:249: error: Function "GraphDatabase" could always be true in boolean context  [truthy-function]
AFO/services/health_service.py:105: error: Missing return statement  [return]
AFO/services/health_service.py:126: error: Returning Any from function declared to return "dict[str, Any]"  [no-any-return]
AFO/services/health_service.py:147: error: Incompatible types in assignment (expression has type "list[dict[str, object]]", variable has type "tuple[dict[str, Any] | BaseException, dict[str, Any] | BaseException, dict[str, Any] | BaseException, dict[str, Any] | BaseException, dict[str, Any] | BaseException]")  [assignment]
AFO/services/health_service.py:276: error: Incompatible types in assignment (expression has type "Literal['error']", variable has type "Literal['balanced', 'warning', 'imbalanced', 'unknown']")  [assignment]
AFO/services/health_service.py:322: error: Statement is unreachable  [unreachable]
AFO/services/health_service.py:323: error: Name "response" is not defined  [name-defined]
AFO/services/health_service.py:328: error: Name "response" is not defined  [name-defined]
AFO/services/health_service.py:334: error: Name "response" is not defined  [name-defined]
AFO/services/checkpoint.py:18: error: All conditional function variants must have identical signatures  [misc]
AFO/services/checkpoint.py:18: note: Original:
AFO/services/checkpoint.py:18: note:     def [TF: Callable[..., Any]] validate_with_trinity(func: TF) -> TF
AFO/services/checkpoint.py:18: note: Redefinition:
AFO/services/checkpoint.py:18: note:     def validate_with_trinity(func: Any) -> Any
AFO/services/checkpoint.py:175: error: Statement is unreachable  [unreachable]
AFO/services/antigravity/modular_engine.py:154: error: Incompatible types in assignment (expression has type "str", target has type "Literal['AUTO_RUN', 'ASK_COMMANDER', 'BLOCK'] | list[str] | float | dict[str, float] | None")  [assignment]
AFO/services/antigravity/modular_engine.py:237: error: Need type annotation for "mock_history" (hint: "mock_history: list[<type>] = ...")  [var-annotated]
AFO/cache/backends.py:91: error: Incompatible types in assignment (expression has type "Redis[Any]", variable has type "None")  [assignment]
AFO/cache/backends.py:94: error: "None" has no attribute "ping"  [attr-defined]
AFO/cache/backends.py:106: error: Statement is unreachable  [unreachable]
AFO/cache/backends.py:123: error: Statement is unreachable  [unreachable]
AFO/cache/backends.py:139: error: Statement is unreachable  [unreachable]
AFO/llm_router.py:679: error: Unused "type: ignore" comment  [unused-ignore]
AFO/llm_router.py:817: error: Returning Any from function declared to return "str"  [no-any-return]
AFO/llm_router.py:833: error: Returning Any from function declared to return "str"  [no-any-return]
AFO/llm_router.py:857: error: Returning Any from function declared to return "str"  [no-any-return]
AFO/services/scholar_ingestion.py:19: error: Cannot assign to a type  [misc]
AFO/services/scholar_ingestion.py:19: error: Incompatible types in assignment (expression has type "None", variable has type "type[QdrantClient]")  [assignment]
AFO/services/scholar_ingestion.py:20: error: Cannot assign to a type  [misc]
AFO/services/scholar_ingestion.py:20: error: Incompatible types in assignment (expression has type "None", variable has type "type[GraphDatabase]")  [assignment]
AFO/services/scholar_ingestion.py:27: error: Function "QdrantClient" could always be true in boolean context  [truthy-function]
AFO/services/scholar_ingestion.py:31: error: Function "GraphDatabase" could always be true in boolean context  [truthy-function]
AFO/services/antigravity/trinity_integration.py:36: error: Need type annotation for "evaluation_history" (hint: "evaluation_history: list[<type>] = ...")  [var-annotated]
AFO/services/antigravity/trinity_integration.py:75: error: Incompatible types in assignment (expression has type "dict[str, Any]", variable has type "None")  [assignment]
AFO/services/antigravity/trinity_integration.py:115: error: Returning Any from function declared to return "dict[str, Any]"  [no-any-return]
AFO/services/antigravity/trinity_integration.py:163: error: Returning Any from function declared to return "float"  [no-any-return]
AFO/api/routers/rag_query.py:163: error: Incompatible types in assignment (expression has type "dict[str, Any]", variable has type "list[dict[str, Any]] | BaseException")  [assignment]
AFO/api/routers/rag_query.py:164: error: Unsupported right operand type for in ("list[dict[str, Any]] | BaseException")  [operator]
AFO/api/routers/rag_query.py:164: error: No overload variant of "__getitem__" of "list" matches argument type "str"  [call-overload]
AFO/api/routers/rag_query.py:164: note: Possible overload variants:
AFO/api/routers/rag_query.py:164: note:     def __getitem__(self, SupportsIndex, /) -> dict[str, Any]
AFO/api/routers/rag_query.py:164: note:     def __getitem__(self, slice[Any, Any, Any], /) -> list[dict[str, Any]]
AFO/api/routers/rag_query.py:164: error: Value of type "list[dict[str, Any]] | BaseException" is not indexable  [index]
AFO/api/routers/rag_query.py:167: error: No overload variant of "__getitem__" of "list" matches argument type "str"  [call-overload]
AFO/api/routers/rag_query.py:167: note: Possible overload variants:
AFO/api/routers/rag_query.py:167: note:     def __getitem__(self, SupportsIndex, /) -> dict[str, Any]
AFO/api/routers/rag_query.py:167: note:     def __getitem__(self, slice[Any, Any, Any], /) -> list[dict[str, Any]]
AFO/api/routers/rag_query.py:167: error: Value of type "list[dict[str, Any]] | BaseException" is not indexable  [index]
AFO/utils/playwright_bridge.py:105: error: Argument "viewport" to "new_context" of "Browser" has incompatible type "dict[str, int]"; expected "ViewportSize | None"  [arg-type]
AFO/start/serenity/genui_orchestrator.py:60: error: Returning Any from function declared to return "str"  [no-any-return]
AFO/julie_cpa/services/julie_service.py:38: error: Incompatible types in assignment (expression has type "None", variable has type "LLMRouter")  [assignment]
AFO/julie_cpa/services/julie_service.py:69: error: "FrictionManager" has no attribute "calculate_current_friction"  [attr-defined]
AFO/julie_cpa/services/julie_service.py:118: error: "FrictionManager" has no attribute "calculate_current_friction"  [attr-defined]
AFO/julie_cpa/services/julie_service.py:151: error: Returning Any from function declared to return "str"  [no-any-return]
AFO/julie_cpa/services/julie_service.py:256: error: Incompatible types in "await" (actual type "float", expected type "Awaitable[Any]")  [misc]
AFO/julie_cpa/services/julie_service.py:257: error: Incompatible types in "await" (actual type "bool", expected type "Awaitable[Any]")  [misc]
AFO/julie_cpa/services/julie_service.py:455: error: Incompatible types in assignment (expression has type "float | int", variable has type "int")  [assignment]
AFO/julie_cpa/services/julie_service.py:681: error: "JulieService" has no attribute "friction_manager"  [attr-defined]
AFO/julie_cpa/services/julie_service.py:682: error: "JulieService" has no attribute "friction_manager"  [attr-defined]
AFO/julie_cpa/services/julie_service.py:799: error: Incompatible types in assignment (expression has type "float | int", variable has type "int")  [assignment]
AFO/chancellor/learning_engine.py:282: error: Argument 2 to "_apply_experiment_results" of "LearningEngine" has incompatible type "str | None"; expected "str"  [arg-type]
AFO/chancellor/learning_engine.py:300: error: Need type annotation for "decision_effectiveness"  [var-annotated]
AFO/chancellor/learning_engine.py:417: error: Argument 2 to "_apply_experiment_results" of "LearningEngine" has incompatible type "str | None"; expected "str"  [arg-type]
AFO/llms/providers/openai.py:13: error: Incompatible types in assignment (expression has type "None", variable has type "OpenAIAPIWrapper")  [assignment]
AFO/llms/providers/openai.py:50: error: "OpenAIAPIWrapper" has no attribute "generate_response"  [attr-defined]
AFO/llms/providers/openai.py:55: error: Returning Any from function declared to return "str"  [no-any-return]
AFO/llms/providers/google.py:13: error: Incompatible types in assignment (expression has type "None", variable has type "GeminiAPIWrapper")  [assignment]
AFO/llms/providers/anthropic.py:13: error: Incompatible types in assignment (expression has type "None", variable has type "ClaudeAPIWrapper")  [assignment]
AFO/llms/providers/anthropic.py:37: error: "ClaudeAPIWrapper" has no attribute "generate_response"  [attr-defined]
AFO/llms/providers/anthropic.py:43: error: Returning Any from function declared to return "str"  [no-any-return]
AFO/cache/__init__.py:22: error: Function "builtins.any" is not valid as a type  [valid-type]
AFO/cache/__init__.py:22: note: Perhaps you meant "typing.Any" instead of "any"?
AFO/serenity/creation_loop.py:104: error: Need type annotation for "verification_data" (hint: "verification_data: dict[<type>, <type>] = ...")  [var-annotated]
AFO/serenity/creation_loop.py:106: error: Statement is unreachable  [unreachable]
AFO/serenity/creation_loop.py:144: error: Statement is unreachable  [unreachable]
AFO/serenity/creation_loop.py:191: error: Returning Any from function declared to return "str"  [no-any-return]
AFO/llms/providers/factory.py:33: error: Incompatible types in assignment (expression has type "GoogleProvider", variable has type "OllamaProvider")  [assignment]
AFO/llms/providers/factory.py:35: error: Incompatible types in assignment (expression has type "OpenAIProvider", variable has type "OllamaProvider")  [assignment]
AFO/llms/providers/factory.py:37: error: Incompatible types in assignment (expression has type "AnthropicProvider", variable has type "OllamaProvider")  [assignment]
AFO/api/compat.py:679: error: Cannot assign to a type  [misc]
AFO/api/compat.py:679: error: Incompatible types in assignment (expression has type "type[object]", variable has type "type[BaseModel]")  [assignment]
AFO/api/routes/philosophical_copilot.py:17: error: Module "AFO.config.settings" has no attribute "Settings"; maybe "settings", "AFOSettings", or "_settings"?  [attr-defined]
AFO/api/routes/philosophical_copilot.py:116: error: Argument "philosophical_insight" to "SystemHealthResponse" has incompatible type "Collection[str]"; expected "str"  [arg-type]
AFO/api/routes/philosophical_copilot.py:171: error: "Collection[str]" has no attribute "items"  [attr-defined]
AFO/api/router_manager.py:59: error: Incompatible types in assignment (expression has type "None", variable has type "APIRouter")  [assignment]
AFO/api/router_manager.py:365: error: Argument 1 to "include_router" of "FastAPI" has incompatible type "object"; expected "APIRouter"  [arg-type]
AFO/api/router_manager.py:365: error: Argument "tags" to "include_router" of "FastAPI" has incompatible type "list[str]"; expected "list[str | Enum] | None"  [arg-type]
AFO/api/router_manager.py:365: note: "list" is invariant -- see https://mypy.readthedocs.io/en/stable/common_issues.html#variance
AFO/api/router_manager.py:365: note: Consider using "Sequence" instead, which is covariant
AFO/api/router_manager.py:367: error: Argument 1 to "include_router" of "FastAPI" has incompatible type "object"; expected "APIRouter"  [arg-type]
AFO/api/router_manager.py:369: error: Argument 1 to "include_router" of "FastAPI" has incompatible type "object"; expected "APIRouter"  [arg-type]
AFO/api/router_manager.py:369: error: Argument "tags" to "include_router" of "FastAPI" has incompatible type "list[str]"; expected "list[str | Enum] | None"  [arg-type]
AFO/api/router_manager.py:369: note: "list" is invariant -- see https://mypy.readthedocs.io/en/stable/common_issues.html#variance
AFO/api/router_manager.py:369: note: Consider using "Sequence" instead, which is covariant
AFO/api/router_manager.py:371: error: Argument 1 to "include_router" of "FastAPI" has incompatible type "object"; expected "APIRouter"  [arg-type]
AFO/utils/redis_saver.py:43: error: Returning Any from function declared to return "str"  [no-any-return]
AFO/utils/redis_saver.py:48: error: Returning Any from function declared to return "str"  [no-any-return]
AFO/utils/redis_saver.py:170: error: Signature of "aput_writes" incompatible with supertype "langgraph.checkpoint.base.BaseCheckpointSaver"  [override]
AFO/utils/redis_saver.py:170: note:      Superclass:
AFO/utils/redis_saver.py:170: note:          def aput_writes(self, config: RunnableConfig, writes: Sequence[tuple[str, Any]], task_id: str, task_path: str = ...) -> Coroutine[Any, Any, None]
AFO/utils/redis_saver.py:170: note:      Subclass:
AFO/utils/redis_saver.py:170: note:          def aput_writes(self, config: RunnableConfig, writes: list[tuple[str, Any]], task_id: str) -> Coroutine[Any, Any, None]
AFO/services/langchain_openai_service.py:25: error: Name "BaseMessage" already defined (possibly by an import)  [no-redef]
AFO/services/langchain_openai_service.py:25: error: Name "HumanMessage" already defined (possibly by an import)  [no-redef]
AFO/services/langchain_openai_service.py:25: error: Name "SystemMessage" already defined (possibly by an import)  [no-redef]
AFO/services/langchain_openai_service.py:278: error: Dict entry 0 has incompatible type "str": "float"; expected "str": "int"  [dict-item]
AFO/services/langchain_openai_service.py:456: error: No overload variant of "int" matches argument type "object"  [call-overload]
AFO/services/langchain_openai_service.py:456: note: Possible overload variants:
AFO/services/langchain_openai_service.py:456: note:     def int(str | Buffer | SupportsInt | SupportsIndex | SupportsTrunc = ..., /) -> int
AFO/services/langchain_openai_service.py:456: note:     def int(str | bytes | bytearray, /, base: SupportsIndex) -> int
AFO/services/langchain_openai_service.py:475: error: No overload variant of "int" matches argument type "object"  [call-overload]
AFO/services/langchain_openai_service.py:475: note: Possible overload variants:
AFO/services/langchain_openai_service.py:475: note:     def int(str | Buffer | SupportsInt | SupportsIndex | SupportsTrunc = ..., /) -> int
AFO/services/langchain_openai_service.py:475: note:     def int(str | bytes | bytearray, /, base: SupportsIndex) -> int
AFO/services/system_monitoring_dashboard.py:212: error: No overload variant of "sleep" matches argument type "object"  [call-overload]
AFO/services/system_monitoring_dashboard.py:212: note: Possible overload variants:
AFO/services/system_monitoring_dashboard.py:212: note:     def sleep(delay: float) -> Coroutine[Any, Any, None]
AFO/services/system_monitoring_dashboard.py:212: note:     def [_T] sleep(delay: float, result: _T) -> Coroutine[Any, Any, _T]
AFO/services/system_monitoring_dashboard.py:526: error: Unsupported operand types for < ("float" and "object")  [operator]
AFO/services/system_monitoring_dashboard.py:532: error: Unsupported operand types for < ("float" and "object")  [operator]
AFO/services/system_monitoring_dashboard.py:538: error: Unsupported operand types for < ("float" and "object")  [operator]
AFO/chancellor_graph.py:63: error: Cannot assign to a type  [misc]
AFO/chancellor_graph.py:63: note: Error code "misc" not covered by "type: ignore" comment
AFO/chancellor_graph.py:64: error: Cannot assign to a type  [misc]
AFO/chancellor_graph.py:64: note: Error code "misc" not covered by "type: ignore" comment
AFO/chancellor_graph.py:77: error: Cannot assign to a type  [misc]
AFO/chancellor_graph.py:77: note: Error code "misc" not covered by "type: ignore" comment
AFO/chancellor_graph.py:84: error: Statement is unreachable  [unreachable]
AFO/chancellor_graph.py:92: error: Statement is unreachable  [unreachable]
AFO/chancellor_graph.py:103: error: Unused "type: ignore" comment  [unused-ignore]
AFO/chancellor_graph.py:103: error: Cannot assign to a type  [misc]
AFO/chancellor_graph.py:103: note: Error code "misc" not covered by "type: ignore" comment
AFO/api/initialization.py:149: error: Statement is unreachable  [unreachable]
AFO/api/initialization.py:198: error: Name "_YC" already defined (possibly by an import)  [no-redef]
AFO/api/initialization.py:244: error: "Workflow" has no attribute "compile"  [attr-defined]
AFO/api_server.py:158: error: Argument 2 to "add_exception_handler" of "Starlette" has incompatible type "Callable[[Request, RateLimitExceeded], Response]"; expected "Callable[[Request, Exception], Response | Awaitable[Response]] | Callable[[WebSocket, Exception], Awaitable[None]]"  [arg-type]
AFO/api/routes/wallet/session.py:145: error: Argument "mapping" to "hset" of "HashCommands" has incompatible type "dict[str, str]"; expected "Mapping[str | bytes, bytes | float | int | str]"  [arg-type]
Found 185 errors in 57 files (checked 247 source files)
