packages/afo-core/AFO/constitution/constitution_v1_0.py:30: error: Missing type parameters for generic type "dict"  [type-arg]
packages/trinity-os/trinity_os/servers/context7_mcp.py:240: error: Missing type parameters for generic type "dict"  [type-arg]
packages/afo-core/strategy_engine.py:91: error: Function is missing a type annotation for one or more arguments  [no-untyped-def]
packages/afo-core/AFO/models/learning_log.py:11: error: Class cannot subclass "SQLModel" (has type "Any")  [misc]
packages/afo-core/AFO/models/learning_log.py:11: note: Error code "misc" not covered by "type: ignore" comment
packages/afo-core/AFO/utils/path_utils.py:105: error: Missing type parameters for generic type "list"  [type-arg]
packages/afo-core/AFO/guardians/critic_agent.py:28: error: Function is missing a return type annotation  [no-untyped-def]
packages/afo-core/AFO/guardians/critic_agent.py:28: note: Use "-> None" if function does not return a value
packages/afo-core/AFO/aicpa/tax_engine.py:330: error: Missing type parameters for generic type "dict"  [type-arg]
packages/afo-core/AFO/julie_cpa/prophet_engine.py:104: error: Missing type parameters for generic type "dict"  [type-arg]
packages/afo-core/AFO/julie_cpa/prophet_engine.py:227: error: Missing type parameters for generic type "dict"  [type-arg]
packages/afo-core/AFO/julie_cpa/prophet_engine.py:281: error: Missing type parameters for generic type "list"  [type-arg]
packages/afo-core/AFO/julie_cpa/prophet_engine.py:319: error: Missing type parameters for generic type "dict"  [type-arg]
packages/afo-core/AFO/julie_cpa/prophet_engine.py:327: error: Missing type parameters for generic type "dict"  [type-arg]
packages/afo-core/AFO/julie_cpa/utils/friction_manager.py:56: error: Returning Any from function declared to return "bool"  [no-any-return]
packages/afo-core/AFO/kms/vault_kms.py:15: error: Function is missing a return type annotation  [no-untyped-def]
packages/afo-core/AFO/kms/vault_kms.py:15: note: Use "-> None" if function does not return a value
packages/afo-core/AFO/aicpa/report_generator.py:45: error: Missing type parameters for generic type "dict"  [type-arg]
packages/afo-core/AFO/aicpa/report_generator.py:60: error: Missing type parameters for generic type "dict"  [type-arg]
packages/afo-core/AFO/aicpa/report_generator.py:84: error: Missing type parameters for generic type "dict"  [type-arg]
packages/afo-core/AFO/aicpa/report_generator.py:110: error: Missing type parameters for generic type "dict"  [type-arg]
packages/afo-core/AFO/aicpa/report_generator.py:134: error: Missing type parameters for generic type "dict"  [type-arg]
packages/afo-core/AFO/aicpa/report_generator.py:148: error: Missing type parameters for generic type "dict"  [type-arg]
packages/afo-core/AFO/aicpa/report_generator.py:160: error: Missing type parameters for generic type "dict"  [type-arg]
packages/afo-core/AFO/aicpa/report_generator.py:161: error: Missing type parameters for generic type "dict"  [type-arg]
packages/afo-core/AFO/aicpa/report_generator.py:196: error: Missing type parameters for generic type "dict"  [type-arg]
packages/afo-core/AFO/aicpa/report_generator.py:256: error: Missing type parameters for generic type "dict"  [type-arg]
packages/afo-core/AFO/aicpa/report_generator.py:313: error: Missing type parameters for generic type "dict"  [type-arg]
packages/afo-core/AFO/aicpa/service.py:38: error: Function is missing a return type annotation  [no-untyped-def]
packages/afo-core/AFO/aicpa/service.py:38: note: Use "-> None" if function does not return a value
packages/afo-core/AFO/aicpa/service.py:42: error: Function is missing a return type annotation  [no-untyped-def]
packages/afo-core/AFO/aicpa/service.py:56: error: Missing type parameters for generic type "dict"  [type-arg]
packages/afo-core/AFO/aicpa/service.py:123: error: Missing type parameters for generic type "dict"  [type-arg]
packages/afo-core/AFO/aicpa/service.py:169: error: Missing type parameters for generic type "dict"  [type-arg]
packages/afo-core/AFO/aicpa/service.py:213: error: Missing type parameters for generic type "dict"  [type-arg]
packages/afo-core/AFO/aicpa/service.py:214: error: Missing type parameters for generic type "dict"  [type-arg]
packages/afo-core/AFO/aicpa/service.py:216: error: Missing type parameters for generic type "dict"  [type-arg]
packages/afo-core/AFO/aicpa/service.py:272: error: Missing type parameters for generic type "dict"  [type-arg]
packages/afo-core/AFO/aicpa/service.py:340: error: Call to untyped function "AICPAService" in typed context  [no-untyped-call]
packages/afo-core/AFO/llms/cli_wrapper.py:21: error: Missing type parameters for generic type "dict"  [type-arg]
packages/afo-core/AFO/llms/cli_wrapper.py:56: error: Missing type parameters for generic type "dict"  [type-arg]
packages/afo-core/AFO/llms/cli_wrapper.py:79: error: Missing type parameters for generic type "dict"  [type-arg]
packages/afo-core/AFO/llms/cli_wrapper.py:93: error: Missing type parameters for generic type "dict"  [type-arg]
packages/afo-core/utils/exponential_backoff.py:372: error: Missing type parameters for generic type "Callable"  [type-arg]
packages/afo-core/utils/exponential_backoff.py:575: error: Function is missing a return type annotation  [no-untyped-def]
packages/afo-core/utils/exponential_backoff.py:605: error: Call to untyped function "async_wrapper" in typed context  [no-untyped-call]
packages/afo-core/utils/exponential_backoff.py:605: note: Error code "no-untyped-call" not covered by "type: ignore" comment
packages/afo-core/AFO/utils/exponential_backoff.py:372: error: Missing type parameters for generic type "Callable"  [type-arg]
packages/afo-core/AFO/utils/exponential_backoff.py:575: error: Function is missing a return type annotation  [no-untyped-def]
packages/afo-core/AFO/utils/exponential_backoff.py:605: error: Call to untyped function "async_wrapper" in typed context  [no-untyped-call]
packages/afo-core/AFO/utils/exponential_backoff.py:605: note: Error code "no-untyped-call" not covered by "type: ignore" comment
packages/afo-core/AFO/utils/trinity_type_validator.py:38: error: Function is missing a type annotation for one or more arguments  [no-untyped-def]
packages/afo-core/AFO/utils/trinity_type_validator.py:154: error: Function is missing a type annotation  [no-untyped-def]
packages/afo-core/AFO/utils/trinity_type_validator.py:163: error: Function is missing a type annotation  [no-untyped-def]
packages/afo-core/AFO/utils/trinity_type_validator.py:192: error: Missing type parameters for generic type "Callable"  [type-arg]
packages/afo-core/AFO/utils/trinity_type_validator.py:192: error: Missing type parameters for generic type "tuple"  [type-arg]
packages/afo-core/AFO/utils/trinity_type_validator.py:192: error: Missing type parameters for generic type "dict"  [type-arg]
packages/afo-core/AFO/utils/trinity_type_validator.py:245: error: Missing type parameters for generic type "Callable"  [type-arg]
packages/afo-core/AFO/utils/trinity_type_validator.py:245: error: Missing type parameters for generic type "tuple"  [type-arg]
packages/afo-core/AFO/utils/trinity_type_validator.py:245: error: Missing type parameters for generic type "dict"  [type-arg]
packages/afo-core/AFO/utils/trinity_type_validator.py:348: error: Missing type parameters for generic type "Callable"  [type-arg]
packages/afo-core/AFO/utils/trinity_type_validator.py:392: error: Missing type parameters for generic type "Callable"  [type-arg]
packages/afo-core/AFO/utils/trinity_type_validator.py:434: error: Missing type parameters for generic type "Callable"  [type-arg]
packages/afo-core/AFO/utils/trinity_type_validator.py:459: error: Missing type parameters for generic type "Callable"  [type-arg]
packages/afo-core/AFO/utils/trinity_type_validator.py:498: error: Missing type parameters for generic type "Callable"  [type-arg]
packages/afo-core/AFO/utils/trinity_type_validator.py:570: error: Missing type parameters for generic type "Callable"  [type-arg]
packages/afo-core/AFO/config/antigravity.py:70: error: Incompatible types in assignment (expression has type "str", variable has type "Literal['ko', 'en']")  [assignment]
packages/afo-core/AFO/config/antigravity.py:165: error: Call to untyped function "from_url" in typed context  [no-untyped-call]
packages/afo-core/AFO/config/antigravity.py:173: error: Missing type parameters for generic type "dict"  [type-arg]
packages/afo-core/AFO/config/antigravity.py:193: error: Missing type parameters for generic type "dict"  [type-arg]
packages/afo-core/AFO/config/antigravity.py:251: error: Missing type parameters for generic type "dict"  [type-arg]
packages/afo-core/AFO/config/settings.py:210: error: Missing type parameters for generic type "dict"  [type-arg]
packages/afo-core/config/antigravity.py:70: error: Incompatible types in assignment (expression has type "str", variable has type "Literal['ko', 'en']")  [assignment]
packages/afo-core/config/antigravity.py:165: error: Call to untyped function "from_url" in typed context  [no-untyped-call]
packages/afo-core/config/antigravity.py:173: error: Missing type parameters for generic type "dict"  [type-arg]
packages/afo-core/config/antigravity.py:193: error: Missing type parameters for generic type "dict"  [type-arg]
packages/afo-core/config/antigravity.py:251: error: Missing type parameters for generic type "dict"  [type-arg]
packages/afo-core/AFO/utils/redis_connection.py:23: error: Call to untyped function "from_url" in typed context  [no-untyped-call]
packages/afo-core/AFO/api_wallet.py:138: error: Call to untyped function "VaultKMS" in typed context  [no-untyped-call]
packages/afo-core/AFO/api_wallet.py:550: error: Call to untyped function "from_url" in typed context  [no-untyped-call]
packages/afo-core/AFO/api_wallet.py:583: error: Call to untyped function "from_url" in typed context  [no-untyped-call]
packages/afo-core/AFO/api/routers/budget.py:324: error: No overload variant of "int" matches argument type "object"  [call-overload]
packages/afo-core/AFO/api/routers/budget.py:324: note: Possible overload variants:
packages/afo-core/AFO/api/routers/budget.py:324: note:     def __new__(cls, str | Buffer | SupportsInt | SupportsIndex | SupportsTrunc = ..., /) -> int
packages/afo-core/AFO/api/routers/budget.py:324: note:     def __new__(cls, str | bytes | bytearray, /, base: SupportsIndex) -> int
packages/afo-core/AFO/api/routers/budget.py:422: error: No overload variant of "int" matches argument type "object"  [call-overload]
packages/afo-core/AFO/api/routers/budget.py:422: note: Possible overload variants:
packages/afo-core/AFO/api/routers/budget.py:422: note:     def __new__(cls, str | Buffer | SupportsInt | SupportsIndex | SupportsTrunc = ..., /) -> int
packages/afo-core/AFO/api/routers/budget.py:422: note:     def __new__(cls, str | bytes | bytearray, /, base: SupportsIndex) -> int
packages/afo-core/AFO/api/routers/skills.py:30: error: Function is missing a return type annotation  [no-untyped-def]
packages/afo-core/AFO/api/routers/skills.py:30: note: Use "-> None" if function does not return a value
packages/afo-core/AFO/api/routers/skills.py:191: error: Function is missing a return type annotation  [no-untyped-def]
packages/afo-core/AFO/api/routers/skills.py:196: error: Function is missing a type annotation  [no-untyped-def]
packages/afo-core/AFO/api/routers/skills.py:200: error: Call to untyped function "MockSkillObj" in typed context  [no-untyped-call]
packages/afo-core/AFO/api/routers/skills.py:202: error: Function is missing a return type annotation  [no-untyped-def]
packages/afo-core/AFO/api/routers/skills.py:208: error: Function is missing a type annotation  [no-untyped-def]
packages/afo-core/AFO/api/routers/skills.py:212: error: Call to untyped function "MockSkill" in typed context  [no-untyped-call]
packages/afo-core/AFO/api/routers/skills.py:215: error: Function is missing a return type annotation  [no-untyped-def]
packages/afo-core/AFO/api/routers/skills.py:216: error: Missing type parameters for generic type "dict"  [type-arg]
packages/afo-core/AFO/api/routers/skills.py:242: error: Call to untyped function "MockSkillRegistry" in typed context  [no-untyped-call]
packages/afo-core/AFO/api/routers/skills.py:283: error: Call to untyped function "list_skills" in typed context  [no-untyped-call]
packages/afo-core/AFO/api/routers/skills.py:346: error: Statement is unreachable  [unreachable]
packages/afo-core/AFO/api/routers/skills.py:402: error: Unsupported target for indexed assignment ("object")  [index]
packages/afo-core/AFO/api/routers/skills.py:406: error: Statement is unreachable  [unreachable]
packages/afo-core/config/settings.py:210: error: Missing type parameters for generic type "dict"  [type-arg]
packages/afo-core/AFO/services/llm_cache_service.py:52: error: Function is missing a return type annotation  [no-untyped-def]
packages/afo-core/AFO/services/llm_cache_service.py:52: note: Use "-> None" if function does not return a value
packages/afo-core/AFO/services/llm_cache_service.py:101: error: Unsupported operand types for > ("int" and "object")  [operator]
packages/afo-core/AFO/services/llm_cache_service.py:162: error: Incompatible types in assignment (expression has type "object", variable has type "int | None")  [assignment]
packages/afo-core/AFO/services/llm_cache_service.py:171: error: Argument "ttl" to "LLMCacheEntry" has incompatible type "int | None"; expected "int"  [arg-type]
packages/afo-core/AFO/services/llm_cache_service.py:213: error: Returning Any from function declared to return "int"  [no-any-return]
packages/afo-core/AFO/services/llm_cache_service.py:230: error: Call to untyped function "LLMCacheService" in typed context  [no-untyped-call]
packages/afo-core/utils/metrics.py:223: error: Function is missing a type annotation  [no-untyped-def]
packages/afo-core/utils/metrics.py:262: error: Function is missing a type annotation  [no-untyped-def]
packages/afo-core/AFO/utils/metrics.py:223: error: Function is missing a type annotation  [no-untyped-def]
packages/afo-core/AFO/utils/metrics.py:262: error: Function is missing a type annotation  [no-untyped-def]
packages/afo-core/api_wallet.py:138: error: Call to untyped function "VaultKMS" in typed context  [no-untyped-call]
packages/afo-core/api_wallet.py:550: error: Call to untyped function "from_url" in typed context  [no-untyped-call]
packages/afo-core/api_wallet.py:583: error: Call to untyped function "from_url" in typed context  [no-untyped-call]
packages/afo-core/AFO/api/middleware/prometheus.py:66: error: Function is missing a type annotation for one or more arguments  [no-untyped-def]
packages/afo-core/AFO/api/middleware/prometheus.py:70: error: Missing type parameters for generic type "Callable"  [type-arg]
packages/afo-core/AFO/api/middleware/prometheus.py:110: error: Returning Any from function declared to return "Response"  [no-any-return]
packages/afo-core/AFO/api/middleware/prometheus.py:162: error: Function is missing a return type annotation  [no-untyped-def]
packages/afo-core/AFO/api/middleware/prometheus.py:167: error: Function is missing a return type annotation  [no-untyped-def]
packages/afo-core/AFO/api/middleware/prometheus.py:172: error: Function is missing a return type annotation  [no-untyped-def]
packages/afo-core/AFO/api/middleware/prometheus.py:177: error: Function is missing a return type annotation  [no-untyped-def]
packages/afo-core/AFO/api/middleware/prometheus.py:183: error: Function is missing a return type annotation  [no-untyped-def]
packages/afo-core/AFO/api/middleware/prometheus.py:189: error: Function is missing a return type annotation  [no-untyped-def]
packages/afo-core/AFO/api/middleware/prometheus.py:192: error: Function is missing a type annotation  [no-untyped-def]
packages/afo-core/AFO/utils/cache_utils.py:37: error: Call to untyped function "from_url" in typed context  [no-untyped-call]
packages/afo-core/AFO/utils/cache_utils.py:46: error: Call to untyped function "from_url" in typed context  [no-untyped-call]
packages/afo-core/AFO/utils/cache_utils.py:122: error: Missing type parameters for generic type "Callable"  [type-arg]
packages/afo-core/AFO/utils/cache_utils.py:125: error: Missing type parameters for generic type "Callable"  [type-arg]
packages/afo-core/api/routes/system_health.py:33: error: Function is missing a return type annotation  [no-untyped-def]
packages/afo-core/api/routes/system_health.py:70: error: Call to untyped function "from_url" in typed context  [no-untyped-call]
packages/afo-core/api/routes/system_health.py:116: error: Missing type parameters for generic type "dict"  [type-arg]
packages/afo-core/api/routes/system_health.py:393: error: Function is missing a return type annotation  [no-untyped-def]
packages/afo-core/api/routes/system_health.py:399: error: Call to untyped function "pubsub" in typed context  [no-untyped-call]
packages/afo-core/api/routes/system_health.py:447: error: Call to untyped function "log_generator" in typed context  [no-untyped-call]
packages/afo-core/AFO/services/hybrid_rag.py:19: error: Name "GraphDatabase" already defined (possibly by an import)  [no-redef]
packages/afo-core/AFO/services/hybrid_rag.py:19: note: Error code "no-redef" not covered by "type: ignore" comment
packages/afo-core/AFO/services/hybrid_rag.py:26: error: Name "QdrantClient" already defined (possibly by an import)  [no-redef]
packages/afo-core/AFO/services/hybrid_rag.py:26: note: Error code "no-redef" not covered by "type: ignore" comment
packages/afo-core/AFO/services/hybrid_rag.py:27: error: Name "qmodels" already defined (by an import)  [no-redef]
packages/afo-core/AFO/services/hybrid_rag.py:27: note: Error code "no-redef" not covered by "type: ignore" comment
packages/afo-core/AFO/services/hybrid_rag.py:34: error: Name "RealDictCursor" already defined (possibly by an import)  [no-redef]
packages/afo-core/AFO/services/hybrid_rag.py:34: note: Error code "no-redef" not covered by "type: ignore" comment
packages/afo-core/AFO/services/hybrid_rag.py:35: error: Name "register_vector" already defined (possibly by an import)  [no-redef]
packages/afo-core/AFO/services/hybrid_rag.py:35: note: Error code "no-redef" not covered by "type: ignore" comment
packages/afo-core/AFO/services/hybrid_rag.py:64: error: Missing type parameters for generic type "dict"  [type-arg]
packages/afo-core/AFO/services/hybrid_rag.py:66: error: Missing type parameters for generic type "dict"  [type-arg]
packages/afo-core/AFO/services/hybrid_rag.py:248: error: Function "GraphDatabase" could always be true in boolean context  [truthy-function]
packages/afo-core/AFO/services/hybrid_rag.py:441: error: Function is missing a return type annotation  [no-untyped-def]
packages/afo-core/AFO/services/hybrid_rag.py:19: error: Unused "type: ignore" comment  [unused-ignore]
packages/afo-core/AFO/services/hybrid_rag.py:26: error: Unused "type: ignore" comment  [unused-ignore]
packages/afo-core/AFO/services/hybrid_rag.py:27: error: Unused "type: ignore" comment  [unused-ignore]
packages/afo-core/AFO/services/hybrid_rag.py:34: error: Unused "type: ignore" comment  [unused-ignore]
packages/afo-core/AFO/services/hybrid_rag.py:35: error: Unused "type: ignore" comment  [unused-ignore]
packages/afo-core/AFO/api/routes/system_health.py:33: error: Function is missing a return type annotation  [no-untyped-def]
packages/afo-core/AFO/api/routes/system_health.py:70: error: Call to untyped function "from_url" in typed context  [no-untyped-call]
packages/afo-core/AFO/api/routes/system_health.py:116: error: Missing type parameters for generic type "dict"  [type-arg]
packages/afo-core/AFO/api/routes/system_health.py:393: error: Function is missing a return type annotation  [no-untyped-def]
packages/afo-core/AFO/api/routes/system_health.py:399: error: Call to untyped function "pubsub" in typed context  [no-untyped-call]
packages/afo-core/AFO/api/routes/system_health.py:447: error: Call to untyped function "log_generator" in typed context  [no-untyped-call]
packages/afo-core/AFO/utils/logging.py:18: error: Function is missing a return type annotation  [no-untyped-def]
packages/afo-core/AFO/utils/logging.py:18: note: Use "-> None" if function does not return a value
packages/afo-core/AFO/utils/logging.py:27: error: Function is missing a return type annotation  [no-untyped-def]
packages/afo-core/AFO/utils/logging.py:47: error: Call to untyped function "RedisLogPublisher" in typed context  [no-untyped-call]
packages/afo-core/utils/logging.py:18: error: Function is missing a return type annotation  [no-untyped-def]
packages/afo-core/utils/logging.py:18: note: Use "-> None" if function does not return a value
packages/afo-core/utils/logging.py:27: error: Function is missing a return type annotation  [no-untyped-def]
packages/afo-core/utils/logging.py:47: error: Call to untyped function "RedisLogPublisher" in typed context  [no-untyped-call]
packages/afo-core/afo_soul_engine/agents/five_pillars_agent.py:31: error: Function is missing a return type annotation  [no-untyped-def]
packages/afo-core/afo_soul_engine/agents/five_pillars_agent.py:31: note: Use "-> None" if function does not return a value
packages/afo-core/afo_soul_engine/agents/five_pillars_agent.py:151: error: Function is missing a return type annotation  [no-untyped-def]
packages/afo-core/afo_soul_engine/agents/five_pillars_agent.py:154: error: Call to untyped function "FivePillarsAgent" in typed context  [no-untyped-call]
packages/afo-core/AFO/api/routers/rag_query.py:79: error: Function is missing a return type annotation  [no-untyped-def]
packages/afo-core/AFO/api/routers/rag_query.py:158: error: Incompatible types in assignment (expression has type "dict[str, Any]", variable has type "list[dict[str, Any]] | BaseException")  [assignment]
packages/afo-core/AFO/api/routers/rag_query.py:159: error: Unsupported right operand type for in ("list[dict[str, Any]] | BaseException")  [operator]
packages/afo-core/AFO/api/routers/rag_query.py:159: error: No overload variant of "__getitem__" of "list" matches argument type "str"  [call-overload]
packages/afo-core/AFO/api/routers/rag_query.py:159: note: Possible overload variants:
packages/afo-core/AFO/api/routers/rag_query.py:159: note:     def __getitem__(self, SupportsIndex, /) -> dict[str, Any]
packages/afo-core/AFO/api/routers/rag_query.py:159: note:     def __getitem__(self, slice[Any, Any, Any], /) -> list[dict[str, Any]]
packages/afo-core/AFO/api/routers/rag_query.py:159: error: Value of type "list[dict[str, Any]] | BaseException" is not indexable  [index]
packages/afo-core/AFO/api/routers/rag_query.py:162: error: No overload variant of "__getitem__" of "list" matches argument type "str"  [call-overload]
packages/afo-core/AFO/api/routers/rag_query.py:162: note: Possible overload variants:
packages/afo-core/AFO/api/routers/rag_query.py:162: note:     def __getitem__(self, SupportsIndex, /) -> dict[str, Any]
packages/afo-core/AFO/api/routers/rag_query.py:162: note:     def __getitem__(self, slice[Any, Any, Any], /) -> list[dict[str, Any]]
packages/afo-core/AFO/api/routers/rag_query.py:162: error: Value of type "list[dict[str, Any]] | BaseException" is not indexable  [index]
packages/afo-core/AFO/llm_router.py:225: error: Incompatible import of "get_settings" (imported name has type "Callable[[str | None], config.settings.AFOSettings]", local name has type "Callable[[str | None], AFO.config.settings.AFOSettings]")  [assignment]
packages/afo-core/AFO/llm_router.py:685: error: Incompatible import of "gemini_api" (imported name has type "llms.gemini_api.GeminiAPIWrapper", local name has type "AFO.llms.gemini_api.GeminiAPIWrapper")  [assignment]
packages/afo-core/AFO/llm_router.py:821: error: Returning Any from function declared to return "str"  [no-any-return]
packages/afo-core/AFO/llm_router.py:837: error: Returning Any from function declared to return "str"  [no-any-return]
packages/afo-core/AFO/llm_router.py:861: error: Returning Any from function declared to return "str"  [no-any-return]
packages/afo-core/AFO/llm_router.py:226: error: Unused "type: ignore" comment  [unused-ignore]
packages/afo-core/AFO/llm_router.py:682: error: Unused "type: ignore" comment  [unused-ignore]
packages/afo-core/AFO/llm_router.py:686: error: Unused "type: ignore" comment  [unused-ignore]
packages/afo-core/llm_router.py:225: error: Incompatible import of "get_settings" (imported name has type "Callable[[str | None], config.settings.AFOSettings]", local name has type "Callable[[str | None], AFO.config.settings.AFOSettings]")  [assignment]
packages/afo-core/llm_router.py:685: error: Incompatible import of "gemini_api" (imported name has type "llms.gemini_api.GeminiAPIWrapper", local name has type "AFO.llms.gemini_api.GeminiAPIWrapper")  [assignment]
packages/afo-core/llm_router.py:821: error: Returning Any from function declared to return "str"  [no-any-return]
packages/afo-core/llm_router.py:837: error: Returning Any from function declared to return "str"  [no-any-return]
packages/afo-core/llm_router.py:861: error: Returning Any from function declared to return "str"  [no-any-return]
packages/afo-core/llm_router.py:226: error: Unused "type: ignore" comment  [unused-ignore]
packages/afo-core/llm_router.py:682: error: Unused "type: ignore" comment  [unused-ignore]
packages/afo-core/llm_router.py:686: error: Unused "type: ignore" comment  [unused-ignore]
packages/afo-core/AFO/utils/playwright_bridge.py:104: error: Argument "viewport" to "new_context" of "Browser" has incompatible type "dict[str, int]"; expected "ViewportSize | None"  [arg-type]
packages/afo-core/AFO/julie_cpa/services/julie_service.py:25: error: Function is missing a return type annotation  [no-untyped-def]
packages/afo-core/AFO/julie_cpa/services/julie_service.py:25: note: Use "-> None" if function does not return a value
packages/afo-core/AFO/julie_cpa/services/julie_service.py:207: error: Incompatible types in assignment (expression has type "float | int", variable has type "int")  [assignment]
packages/afo-core/tigers/zhang_fei.py:15: error: Missing type parameters for generic type "dict"  [type-arg]
packages/afo-core/tigers/zhang_fei.py:27: error: Function is missing a type annotation  [no-untyped-def]
packages/afo-core/tigers/ma_chao.py:16: error: Missing type parameters for generic type "dict"  [type-arg]
packages/afo-core/tigers/ma_chao.py:25: error: Function is missing a type annotation  [no-untyped-def]
packages/afo-core/tigers/huang_zhong.py:6: error: Missing type parameters for generic type "dict"  [type-arg]
packages/afo-core/tigers/huang_zhong.py:18: error: Missing type parameters for generic type "dict"  [type-arg]
packages/afo-core/tigers/guan_yu.py:21: error: Function is missing a type annotation  [no-untyped-def]
packages/afo-core/strategists/zhuge_liang.py:24: error: Function is missing a type annotation  [no-untyped-def]
packages/afo-core/strategists/sima_yi.py:24: error: Function is missing a type annotation  [no-untyped-def]
packages/afo-core/AFO/api/routers/finance.py:14: error: Call to untyped function "JulieService" in typed context  [no-untyped-call]
packages/afo-core/AFO/api/routers/julie_royal.py:12: error: Call to untyped function "JulieService" in typed context  [no-untyped-call]
packages/afo-core/config/friction_calibrator.py:76: error: Call to untyped function "JulieService" in typed context  [no-untyped-call]
packages/afo-core/AFO/serenity/creation_loop.py:67: error: Call to untyped function "CriticAgent" in typed context  [no-untyped-call]
packages/afo-core/AFO/serenity/creation_loop.py:102: error: Need type annotation for "verification_data" (hint: "verification_data: dict[<type>, <type>] = ...")  [var-annotated]
packages/afo-core/AFO/serenity/creation_loop.py:104: error: Statement is unreachable  [unreachable]
packages/afo-core/AFO/serenity/creation_loop.py:142: error: Statement is unreachable  [unreachable]
packages/afo-core/AFO/serenity/creation_loop.py:198: error: Returning Any from function declared to return "str"  [no-any-return]
packages/afo-core/AFO/serenity/creation_loop.py:214: error: Missing type parameters for generic type "dict"  [type-arg]
packages/afo-core/AFO/utils/redis_saver.py:17: error: Missing type parameters for generic type "BaseCheckpointSaver"  [type-arg]
packages/afo-core/AFO/utils/redis_saver.py:37: error: Returning Any from function declared to return "str"  [no-any-return]
packages/afo-core/AFO/utils/redis_saver.py:42: error: Returning Any from function declared to return "str"  [no-any-return]
packages/afo-core/AFO/utils/redis_saver.py:50: error: Function is missing a type annotation  [no-untyped-def]
packages/afo-core/AFO/utils/redis_saver.py:84: error: Argument 1 to "loads" has incompatible type "Awaitable[Any] | Any"; expected "str | bytes | bytearray"  [arg-type]
packages/afo-core/AFO/utils/redis_saver.py:132: error: Function is missing a type annotation  [no-untyped-def]
packages/afo-core/AFO/utils/redis_saver.py:164: error: Signature of "aput_writes" incompatible with supertype "langgraph.checkpoint.base.BaseCheckpointSaver"  [override]
packages/afo-core/AFO/utils/redis_saver.py:164: note:      Superclass:
packages/afo-core/AFO/utils/redis_saver.py:164: note:          def aput_writes(self, config: RunnableConfig, writes: Sequence[tuple[str, Any]], task_id: str, task_path: str = ...) -> Coroutine[Any, Any, None]
packages/afo-core/AFO/utils/redis_saver.py:164: note:      Subclass:
packages/afo-core/AFO/utils/redis_saver.py:164: note:          def aput_writes(self, config: RunnableConfig, writes: list[tuple[str, Any]], task_id: str) -> Coroutine[Any, Any, None]
packages/afo-core/AFO/utils/redis_saver.py:174: error: Function is missing a return type annotation  [no-untyped-def]
packages/afo-core/AFO/services/persona_service.py:372: error: Module "AFO.api.compat" has no attribute "get_trinity_os_client"  [attr-defined]
packages/afo-core/AFO/services/persona_service.py:403: error: Module "AFO.api_server" has no attribute "neural_event_queue"  [attr-defined]
packages/afo-core/AFO/api/initialization.py:146: error: Statement is unreachable  [unreachable]
packages/afo-core/AFO/api/initialization.py:194: error: Name "_YC" already defined (possibly by an import)  [no-redef]
packages/afo-core/AFO/api/initialization.py:241: error: "Workflow" has no attribute "compile"  [attr-defined]
packages/afo-core/AFO/api/initialization.py:244: error: Incompatible types in assignment (expression has type "None", variable has type "CompiledStateGraph[ChancellorState, None, StateT, StateT]")  [assignment]
packages/afo-core/AFO/api/initialization.py:249: error: Incompatible types in assignment (expression has type "None", variable has type "CompiledStateGraph[ChancellorState, None, StateT, StateT]")  [assignment]
packages/afo-core/AFO/api/cleanup.py:38: error: "YeongdeokComplete" has no attribute "close_eyes"  [attr-defined]
packages/afo-core/AFO/api/compat.py:312: error: Function is missing a type annotation  [no-untyped-def]
packages/afo-core/AFO/api/compat.py:321: error: Missing type parameters for generic type "dict"  [type-arg]
packages/afo-core/AFO/__init__.py:16: error: Function is missing a type annotation  [no-untyped-def]
packages/afo-core/AFO/chancellor_graph.py:48: error: Name "sima_yi" already defined (by an import)  [no-redef]
packages/afo-core/AFO/chancellor_graph.py:49: error: Name "zhou_yu" already defined (by an import)  [no-redef]
packages/afo-core/AFO/chancellor_graph.py:52: error: Name "guan_yu" already defined (by an import)  [no-redef]
packages/afo-core/AFO/chancellor_graph.py:53: error: Name "zhang_fei" already defined (by an import)  [no-redef]
packages/afo-core/AFO/chancellor_graph.py:54: error: Name "zhao_yun" already defined (by an import)  [no-redef]
packages/afo-core/AFO/chancellor_graph.py:55: error: Name "ma_chao" already defined (by an import)  [no-redef]
packages/afo-core/AFO/chancellor_graph.py:56: error: Name "huang_zhong" already defined (by an import)  [no-redef]
packages/afo-core/AFO/chancellor_graph.py:59: error: Name "trinity_calculator" already defined (possibly by an import)  [no-redef]
packages/afo-core/AFO/chancellor_graph.py:63: error: Function is missing a type annotation  [no-untyped-def]
packages/afo-core/AFO/chancellor_graph.py:67: error: Function is missing a type annotation  [no-untyped-def]
packages/afo-core/AFO/chancellor_graph.py:70: error: Cannot assign to a type  [misc]
packages/afo-core/AFO/chancellor_graph.py:70: error: Incompatible types in assignment (expression has type "type[MockConstitution]", variable has type "type[AFOConstitution]")  [assignment]
packages/afo-core/AFO/chancellor_graph.py:81: error: Statement is unreachable  [unreachable]
packages/afo-core/AFO/chancellor_graph.py:88: error: Statement is unreachable  [unreachable]
packages/afo-core/AFO/chancellor_graph.py:97: error: Cannot assign to a type  [misc]
packages/afo-core/AFO/chancellor_graph.py:97: note: Error code "misc" not covered by "type: ignore" comment
packages/afo-core/AFO/chancellor_graph.py:110: error: Missing type parameters for generic type "dict"  [type-arg]
packages/afo-core/AFO/chancellor_graph.py:324: error: Function is missing a type annotation  [no-untyped-def]
packages/afo-core/AFO/chancellor_graph.py:336: error: Call to untyped function "normalize" in typed context  [no-untyped-call]
packages/afo-core/AFO/chancellor_graph.py:339: error: Call to untyped function "normalize" in typed context  [no-untyped-call]
packages/afo-core/AFO/chancellor_graph.py:353: error: Call to untyped function "normalize" in typed context  [no-untyped-call]
packages/afo-core/AFO/chancellor_graph.py:354: error: Call to untyped function "normalize" in typed context  [no-untyped-call]
packages/afo-core/AFO/chancellor_graph.py:355: error: Call to untyped function "normalize" in typed context  [no-untyped-call]
packages/afo-core/AFO/chancellor_graph.py:356: error: Call to untyped function "normalize" in typed context  [no-untyped-call]
packages/afo-core/AFO/chancellor_graph.py:357: error: Call to untyped function "normalize" in typed context  [no-untyped-call]
packages/afo-core/AFO/chancellor_graph.py:444: error: Function "VerdictLogger" could always be true in boolean context  [truthy-function]
packages/afo-core/AFO/chancellor_graph.py:444: error: Function "emit_verdict" could always be true in boolean context  [truthy-function]
packages/afo-core/AFO/chancellor_graph.py:449: error: Call to untyped function "get_redis_client" in typed context  [no-untyped-call]
packages/afo-core/AFO/chancellor_graph.py:471: error: Argument "decision" to "emit_verdict" has incompatible type "str"; expected "Literal['AUTO_RUN', 'ASK']"  [arg-type]
packages/afo-core/AFO/chancellor_graph.py:507: error: Function "VerdictLogger" could always be true in boolean context  [truthy-function]
packages/afo-core/AFO/chancellor_graph.py:507: error: Function "emit_verdict" could always be true in boolean context  [truthy-function]
packages/afo-core/AFO/chancellor_graph.py:512: error: Call to untyped function "get_redis_client" in typed context  [no-untyped-call]
packages/afo-core/AFO/chancellor_graph.py:547: error: Argument "decision" to "emit_verdict" has incompatible type "str"; expected "Literal['AUTO_RUN', 'ASK']"  [arg-type]
packages/afo-core/AFO/chancellor_graph.py:627: error: Missing type parameters for generic type "BaseCheckpointSaver"  [type-arg]
packages/afo-core/AFO/chancellor_graph.py:645: error: Function is missing a type annotation  [no-untyped-def]
packages/afo-core/AFO/chancellor_graph.py:97: error: Unused "type: ignore" comment  [unused-ignore]
packages/afo-core/AFO/services/health_service.py:15: error: Module "AFO.api.compat" does not explicitly export attribute "TrinityMetrics"  [attr-defined]
packages/afo-core/AFO/services/health_service.py:26: error: Call to untyped function "from_url" in typed context  [no-untyped-call]
packages/afo-core/chancellor_graph.py:48: error: Name "sima_yi" already defined (by an import)  [no-redef]
packages/afo-core/chancellor_graph.py:49: error: Name "zhou_yu" already defined (by an import)  [no-redef]
packages/afo-core/chancellor_graph.py:52: error: Name "guan_yu" already defined (by an import)  [no-redef]
packages/afo-core/chancellor_graph.py:53: error: Name "zhang_fei" already defined (by an import)  [no-redef]
packages/afo-core/chancellor_graph.py:54: error: Name "zhao_yun" already defined (by an import)  [no-redef]
packages/afo-core/chancellor_graph.py:55: error: Name "ma_chao" already defined (by an import)  [no-redef]
packages/afo-core/chancellor_graph.py:56: error: Name "huang_zhong" already defined (by an import)  [no-redef]
packages/afo-core/chancellor_graph.py:59: error: Name "trinity_calculator" already defined (possibly by an import)  [no-redef]
packages/afo-core/chancellor_graph.py:63: error: Function is missing a type annotation  [no-untyped-def]
packages/afo-core/chancellor_graph.py:67: error: Function is missing a type annotation  [no-untyped-def]
packages/afo-core/chancellor_graph.py:70: error: Cannot assign to a type  [misc]
packages/afo-core/chancellor_graph.py:70: error: Incompatible types in assignment (expression has type "type[MockConstitution]", variable has type "type[AFOConstitution]")  [assignment]
packages/afo-core/chancellor_graph.py:81: error: Statement is unreachable  [unreachable]
packages/afo-core/chancellor_graph.py:88: error: Statement is unreachable  [unreachable]
packages/afo-core/chancellor_graph.py:97: error: Unused "type: ignore" comment  [unused-ignore]
packages/afo-core/chancellor_graph.py:97: error: Cannot assign to a type  [misc]
packages/afo-core/chancellor_graph.py:97: note: Error code "misc" not covered by "type: ignore" comment
packages/afo-core/chancellor_graph.py:110: error: Missing type parameters for generic type "dict"  [type-arg]
packages/afo-core/chancellor_graph.py:324: error: Function is missing a type annotation  [no-untyped-def]
packages/afo-core/chancellor_graph.py:336: error: Call to untyped function "normalize" in typed context  [no-untyped-call]
packages/afo-core/chancellor_graph.py:339: error: Call to untyped function "normalize" in typed context  [no-untyped-call]
packages/afo-core/chancellor_graph.py:353: error: Call to untyped function "normalize" in typed context  [no-untyped-call]
packages/afo-core/chancellor_graph.py:354: error: Call to untyped function "normalize" in typed context  [no-untyped-call]
packages/afo-core/chancellor_graph.py:355: error: Call to untyped function "normalize" in typed context  [no-untyped-call]
packages/afo-core/chancellor_graph.py:356: error: Call to untyped function "normalize" in typed context  [no-untyped-call]
packages/afo-core/chancellor_graph.py:357: error: Call to untyped function "normalize" in typed context  [no-untyped-call]
packages/afo-core/chancellor_graph.py:444: error: Function "VerdictLogger" could always be true in boolean context  [truthy-function]
packages/afo-core/chancellor_graph.py:444: error: Function "emit_verdict" could always be true in boolean context  [truthy-function]
packages/afo-core/chancellor_graph.py:449: error: Call to untyped function "get_redis_client" in typed context  [no-untyped-call]
packages/afo-core/chancellor_graph.py:471: error: Argument "decision" to "emit_verdict" has incompatible type "str"; expected "Literal['AUTO_RUN', 'ASK']"  [arg-type]
packages/afo-core/chancellor_graph.py:507: error: Function "VerdictLogger" could always be true in boolean context  [truthy-function]
packages/afo-core/chancellor_graph.py:507: error: Function "emit_verdict" could always be true in boolean context  [truthy-function]
packages/afo-core/chancellor_graph.py:512: error: Call to untyped function "get_redis_client" in typed context  [no-untyped-call]
packages/afo-core/chancellor_graph.py:547: error: Argument "decision" to "emit_verdict" has incompatible type "str"; expected "Literal['AUTO_RUN', 'ASK']"  [arg-type]
packages/afo-core/chancellor_graph.py:627: error: Missing type parameters for generic type "BaseCheckpointSaver"  [type-arg]
packages/afo-core/chancellor_graph.py:645: error: Function is missing a type annotation  [no-untyped-def]
packages/afo-core/AFO/api/routers/__init__.py:27: error: Argument 1 to "module_from_spec" has incompatible type "ModuleSpec | None"; expected "ModuleSpec"  [arg-type]
Found 290 errors in 61 files (checked 1 source file)
