services/security/circuit_breaker.py: note: In member "allow_probe" of class "CircuitBreaker":
services/security/circuit_breaker.py:49: error: Statement is unreachable  [unreachable]
services/mcp_stdio_client.py: note: In function "_load_cursor_mcp_json":
services/mcp_stdio_client.py:58: error: Returning Any from function declared to return "dict[str, Any]"  [no-any-return]
services/mcp_stdio_client.py: note: In function "list_tools":
services/mcp_stdio_client.py:228: error: List comprehension has incompatible type List[Any | None]; expected List[str]  [misc]
services/context7_service.py: note: In function "get_context7_instance":
services/context7_service.py:65: error: Incompatible types in assignment (expression has type "Path", variable has type "str | None")  [assignment]
services/antigravity/reporting/reports.py: note: In member "save_report" of class "ReportGenerator":
services/antigravity/reporting/reports.py:248: error: Returning Any from function declared to return "Path"  [no-any-return]
AFO/services/context7_service.py: note: In function "get_context7_instance":
AFO/services/context7_service.py:65: error: Incompatible types in assignment (expression has type "Path", variable has type "str | None")  [assignment]
services/antigravity/ml/predictor.py: note: In member "__init__" of class "QualityPredictor":
services/antigravity/ml/predictor.py:23: note: By default the bodies of untyped functions are not checked, consider using --check-untyped-defs  [annotation-unchecked]
services/redis_cache_service.py: note: In member "__init__" of class "RedisCacheService":
services/redis_cache_service.py:75: note: By default the bodies of untyped functions are not checked, consider using --check-untyped-defs  [annotation-unchecked]
services/redis_cache_service.py: note: In member "clear_all" of class "RedisCacheService":
services/redis_cache_service.py:308: error: Statement is unreachable  [unreachable]
services/redis_cache_service.py: note: In member "get_stats" of class "RedisCacheService":
services/redis_cache_service.py:371: error: Statement is unreachable  [unreachable]
services/llm_cache_service.py: note: In member "_generate_cache_key" of class "LLMCacheService":
services/llm_cache_service.py:102: error: Unsupported operand types for > ("int" and "object")  [operator]
services/llm_cache_service.py: note: In member "cache_response" of class "LLMCacheService":
services/llm_cache_service.py:163: error: Incompatible types in assignment (expression has type "object", variable has type "int | None")  [assignment]
services/llm_cache_service.py:172: error: Argument "ttl" to "LLMCacheEntry" has incompatible type "int | None"; expected "int"  [arg-type]
services/llm_cache_service.py: note: In member "clear_cache" of class "LLMCacheService":
services/llm_cache_service.py:214: error: Returning Any from function declared to return "int"  [no-any-return]
services/security/rate_limit_redis.py: note: In function "setup_redis_rate_limiter":
services/security/rate_limit_redis.py:164: error: Argument 2 to "add_exception_handler" of "Starlette" has incompatible type "Callable[[Request, RateLimitExceeded], Response]"; expected "Callable[[Request, Exception], Response | Awaitable[Response]] | Callable[[WebSocket, Exception], Awaitable[None]]"  [arg-type]
services/security/rate_limit_redis.py:192: error: Argument 1 to "add_middleware" of "Starlette" has incompatible type "type[RedisDownPolicyMiddleware]"; expected "_MiddlewareFactory[[RedisDownPolicy, RedisCircuitProbe, Callable[[Request, str], None]]]"  [arg-type]
services/security/rate_limit_redis.py:192: note: Following member(s) of "RedisDownPolicyMiddleware" have conflicts:
services/security/rate_limit_redis.py:192: note:     Expected:
services/security/rate_limit_redis.py:192: note:         def __call__(self, Callable[[Any, Callable[[], Awaitable[Any]], Callable[[Any], Awaitable[None]]], Awaitable[None]], /, policy: RedisDownPolicy, probe: RedisCircuitProbe, on_warning: Callable[[Request, str], None]) -> Callable[[Any, Callable[[], Awaitable[Any]], Callable[[Any], Awaitable[None]]], Awaitable[None]]
services/security/rate_limit_redis.py:192: note:     Got:
services/security/rate_limit_redis.py:192: note:         def __init__(app: FastAPI, policy: RedisDownPolicy, probe: RedisCircuitProbe, on_warning: Callable[[Request, str], None] | None = ...) -> RedisDownPolicyMiddleware
services/security/rate_limit_redis.py:192: note: "_MiddlewareFactory[[RedisDownPolicy, RedisCircuitProbe, Callable[[Request, str], None]]].__call__" has type "Callable[[Callable[[Any, Callable[[], Awaitable[Any]], Callable[[Any], Awaitable[None]]], Awaitable[None]], Arg(RedisDownPolicy, 'policy'), Arg(RedisCircuitProbe, 'probe'), Arg(Callable[[Arg(Request, 'req'), Arg(str, 'cb_state')], None], 'on_warning')], Callable[[Any, Callable[[], Awaitable[Any]], Callable[[Any], Awaitable[None]]], Awaitable[None]]]"
services/antigravity/integration/protocol_officer_bridge.py: note: In member "format_decision_message" of class "ProtocolOfficerBridge":
services/antigravity/integration/protocol_officer_bridge.py:54: error: Returning Any from function declared to return "str"  [no-any-return]
services/antigravity/integration/protocol_officer_bridge.py: note: In member "generate_analysis_report" of class "ProtocolOfficerBridge":
services/antigravity/integration/protocol_officer_bridge.py:113: error: Returning Any from function declared to return "str"  [no-any-return]
services/checkpoint.py: note: In function "validate_with_trinity":
services/checkpoint.py:18: error: All conditional function variants must have identical signatures  [misc]
services/checkpoint.py:18: note: Original:
services/checkpoint.py:18: note:     def [TF: Callable[..., Any]] validate_with_trinity(func: TF) -> TF
services/checkpoint.py:18: note: Redefinition:
services/checkpoint.py:18: note:     def validate_with_trinity(func: Any) -> Any
services/checkpoint.py: note: In member "load_persona_state" of class "CheckpointService":
services/checkpoint.py:175: error: Statement is unreachable  [unreachable]
services/antigravity/modular_engine.py: note: In member "evaluate_quality_gate" of class "ModularAntigravityEngine":
services/antigravity/modular_engine.py:154: error: Incompatible types in assignment (expression has type "str", target has type "Literal['AUTO_RUN', 'ASK_COMMANDER', 'BLOCK'] | list[str] | float | dict[str, float] | None")  [assignment]
services/antigravity/modular_engine.py: note: In member "adapt_thresholds" of class "ModularAntigravityEngine":
services/antigravity/modular_engine.py:237: error: Need type annotation for "mock_history" (hint: "mock_history: list[<type>] = ...")  [var-annotated]
services/antigravity/trinity_integration.py: note: In member "__init__" of class "TrinityAntigravityIntegration":
services/antigravity/trinity_integration.py:36: error: Need type annotation for "evaluation_history" (hint: "evaluation_history: list[<type>] = ...")  [var-annotated]
services/antigravity/trinity_integration.py: note: In member "evaluate_from_trinity_evidence" of class "TrinityAntigravityIntegration":
services/antigravity/trinity_integration.py:75: error: Incompatible types in assignment (expression has type "dict[str, Any]", variable has type "None")  [assignment]
services/antigravity/trinity_integration.py: note: In member "_load_trinity_evidence" of class "TrinityAntigravityIntegration":
services/antigravity/trinity_integration.py:115: error: Returning Any from function declared to return "dict[str, Any]"  [no-any-return]
services/antigravity/trinity_integration.py: note: In member "_calculate_risk_from_evidence" of class "TrinityAntigravityIntegration":
services/antigravity/trinity_integration.py:163: error: Returning Any from function declared to return "float"  [no-any-return]
services/system_monitoring_dashboard.py: note: In member "__init__" of class "SystemMonitoringDashboard":
services/system_monitoring_dashboard.py:128: note: By default the bodies of untyped functions are not checked, consider using --check-untyped-defs  [annotation-unchecked]
services/system_monitoring_dashboard.py:131: note: By default the bodies of untyped functions are not checked, consider using --check-untyped-defs  [annotation-unchecked]
services/system_monitoring_dashboard.py:132: note: By default the bodies of untyped functions are not checked, consider using --check-untyped-defs  [annotation-unchecked]
services/system_monitoring_dashboard.py:133: note: By default the bodies of untyped functions are not checked, consider using --check-untyped-defs  [annotation-unchecked]
services/system_monitoring_dashboard.py:136: note: By default the bodies of untyped functions are not checked, consider using --check-untyped-defs  [annotation-unchecked]
services/system_monitoring_dashboard.py:137: note: By default the bodies of untyped functions are not checked, consider using --check-untyped-defs  [annotation-unchecked]
services/system_monitoring_dashboard.py: note: In member "_monitoring_loop" of class "SystemMonitoringDashboard":
services/system_monitoring_dashboard.py:212: error: No overload variant of "sleep" matches argument type "object"  [call-overload]
services/system_monitoring_dashboard.py:212: note: Possible overload variants:
services/system_monitoring_dashboard.py:212: note:     def sleep(delay: float) -> Coroutine[Any, Any, None]
services/system_monitoring_dashboard.py:212: note:     def [_T] sleep(delay: float, result: _T) -> Coroutine[Any, Any, _T]
services/system_monitoring_dashboard.py: note: In member "_cleanup_old_data" of class "SystemMonitoringDashboard":
services/system_monitoring_dashboard.py:526: error: Unsupported operand types for < ("float" and "object")  [operator]
services/system_monitoring_dashboard.py:532: error: Unsupported operand types for < ("float" and "object")  [operator]
services/system_monitoring_dashboard.py:538: error: Unsupported operand types for < ("float" and "object")  [operator]
Found 28 errors in 13 files (checked 286 source files)
