AFO/serenity/action_validator.py: note: In member "_validate_single_action" of class "ActionValidator":
AFO/serenity/action_validator.py:129: error: Argument 1 to "_validate_action_type" of "ActionValidator" has incompatible type "Any | None"; expected "str"  [arg-type]
AFO/utils/automation.py: note: In function "cache_result":
AFO/utils/automation.py:221: error: Redundant cast to "T"  [redundant-cast]
AFO/services/antigravity/ml/predictor.py: note: In member "__init__" of class "QualityPredictor":
AFO/services/antigravity/ml/predictor.py:23: note: By default the bodies of untyped functions are not checked, consider using --check-untyped-defs  [annotation-unchecked]
AFO/api/middleware/sql_guard.py: note: In member "dispatch" of class "SqlGuardMiddleware":
AFO/api/middleware/sql_guard.py:55: error: Returning Any from function declared to return "Response"  [no-any-return]
AFO/api/middleware/sql_guard.py: note: At top level:
AFO/api/middleware/sql_guard.py:81: error: Unused "type: ignore" comment  [unused-ignore]
AFO/api/middleware/sql_guard.py: note: In member "dispatch" of class "SqlGuardMiddleware":
AFO/api/middleware/sql_guard.py:88: error: Returning Any from function declared to return "Response"  [no-any-return]
AFO/api/middleware/request_limits.py: note: In member "dispatch" of class "RequestSizeLimitMiddleware":
AFO/api/middleware/request_limits.py:35: error: Returning Any from function declared to return "Response"  [no-any-return]
AFO/api/middleware/rate_limit.py: note: In member "dispatch" of class "RateLimitMiddleware":
AFO/api/middleware/rate_limit.py:86: error: Returning Any from function declared to return "Response"  [no-any-return]
AFO/api/middleware/rate_limit.py:90: error: Returning Any from function declared to return "Response"  [no-any-return]
AFO/api/middleware/rate_limit.py:101: error: Returning Any from function declared to return "Response"  [no-any-return]
services/antigravity/ml/predictor.py: note: In member "__init__" of class "QualityPredictor":
services/antigravity/ml/predictor.py:23: note: By default the bodies of untyped functions are not checked, consider using --check-untyped-defs  [annotation-unchecked]
AFO/services/redis_cache_service.py: note: In member "__init__" of class "RedisCacheService":
AFO/services/redis_cache_service.py:75: note: By default the bodies of untyped functions are not checked, consider using --check-untyped-defs  [annotation-unchecked]
AFO/domain/janus/contract.py: note: In class "VisualPlan":
AFO/domain/janus/contract.py:44: error: No overload variant of "Field" matches argument types "EllipsisType", "int", "str"  [call-overload]
AFO/domain/janus/contract.py:44: note: Possible overload variants:
AFO/domain/janus/contract.py:44: note:     def Field(default, default: EllipsisType, *, alias: str | None = ..., alias_priority: int | None = ..., validation_alias: str | AliasPath | AliasChoices | None = ..., serialization_alias: str | None = ..., title: str | None = ..., field_title_generator: Callable[[str, FieldInfo], str] | None = ..., description: str | None = ..., examples: list[Any] | None = ..., exclude: bool | None = ..., exclude_if: Callable[[Any], bool] | None = ..., discriminator: str | Discriminator | None = ..., deprecated: deprecated | str | bool | None = ..., json_schema_extra: JsonDict | Callable[[JsonDict], None] | None = ..., frozen: bool | None = ..., validate_default: bool | None = ..., repr: bool = ..., init: bool | None = ..., init_var: bool | None = ..., kw_only: bool | None = ..., pattern: str | Pattern[str] | None = ..., strict: bool | None = ..., coerce_numbers_to_str: bool | None = ..., gt: SupportsGt | None = ..., ge: SupportsGe | None = ..., lt: SupportsLt | None = ..., le: SupportsLe | None = ..., multiple_of: float | None = ..., allow_inf_nan: bool | None = ..., max_digits: int | None = ..., decimal_places: int | None = ..., min_length: int | None = ..., max_length: int | None = ..., union_mode: Literal['smart', 'left_to_right'] = ..., fail_fast: bool | None = ...) -> Any
AFO/domain/janus/contract.py:44: note:     def Field(default, default: Any, *, alias: str | None = ..., alias_priority: int | None = ..., validation_alias: str | AliasPath | AliasChoices | None = ..., serialization_alias: str | None = ..., title: str | None = ..., field_title_generator: Callable[[str, FieldInfo], str] | None = ..., description: str | None = ..., examples: list[Any] | None = ..., exclude: bool | None = ..., exclude_if: Callable[[Any], bool] | None = ..., discriminator: str | Discriminator | None = ..., deprecated: deprecated | str | bool | None = ..., json_schema_extra: JsonDict | Callable[[JsonDict], None] | None = ..., frozen: bool | None = ..., validate_default: Literal[True], repr: bool = ..., init: bool | None = ..., init_var: bool | None = ..., kw_only: bool | None = ..., pattern: str | Pattern[str] | None = ..., strict: bool | None = ..., coerce_numbers_to_str: bool | None = ..., gt: SupportsGt | None = ..., ge: SupportsGe | None = ..., lt: SupportsLt | None = ..., le: SupportsLe | None = ..., multiple_of: float | None = ..., allow_inf_nan: bool | None = ..., max_digits: int | None = ..., decimal_places: int | None = ..., min_length: int | None = ..., max_length: int | None = ..., union_mode: Literal['smart', 'left_to_right'] = ..., fail_fast: bool | None = ...) -> Any
AFO/domain/janus/contract.py:44: note:     def [_T] Field(default, default: _T, *, alias: str | None = ..., alias_priority: int | None = ..., validation_alias: str | AliasPath | AliasChoices | None = ..., serialization_alias: str | None = ..., title: str | None = ..., field_title_generator: Callable[[str, FieldInfo], str] | None = ..., description: str | None = ..., examples: list[Any] | None = ..., exclude: bool | None = ..., exclude_if: Callable[[Any], bool] | None = ..., discriminator: str | Discriminator | None = ..., deprecated: deprecated | str | bool | None = ..., json_schema_extra: JsonDict | Callable[[JsonDict], None] | None = ..., frozen: bool | None = ..., validate_default: Literal[False] = ..., repr: bool = ..., init: bool | None = ..., init_var: bool | None = ..., kw_only: bool | None = ..., pattern: str | Pattern[str] | None = ..., strict: bool | None = ..., coerce_numbers_to_str: bool | None = ..., gt: SupportsGt | None = ..., ge: SupportsGe | None = ..., lt: SupportsLt | None = ..., le: SupportsLe | None = ..., multiple_of: float | None = ..., allow_inf_nan: bool | None = ..., max_digits: int | None = ..., decimal_places: int | None = ..., min_length: int | None = ..., max_length: int | None = ..., union_mode: Literal['smart', 'left_to_right'] = ..., fail_fast: bool | None = ...) -> _T
AFO/domain/janus/contract.py:44: note:     def Field(default_factory, *, default_factory: Callable[[], Any] | Callable[[dict[str, Any]], Any], alias: str | None = ..., alias_priority: int | None = ..., validation_alias: str | AliasPath | AliasChoices | None = ..., serialization_alias: str | None = ..., title: str | None = ..., field_title_generator: Callable[[str, FieldInfo], str] | None = ..., description: str | None = ..., examples: list[Any] | None = ..., exclude: bool | None = ..., exclude_if: Callable[[Any], bool] | None = ..., discriminator: str | Discriminator | None = ..., deprecated: deprecated | str | bool | None = ..., json_schema_extra: JsonDict | Callable[[JsonDict], None] | None = ..., frozen: bool | None = ..., validate_default: Literal[True], repr: bool = ..., init: bool | None = ..., init_var: bool | None = ..., kw_only: bool | None = ..., pattern: str | Pattern[str] | None = ..., strict: bool | None = ..., coerce_numbers_to_str: bool | None = ..., gt: SupportsGt | None = ..., ge: SupportsGe | None = ..., lt: SupportsLt | None = ..., le: SupportsLe | None = ..., multiple_of: float | None = ..., allow_inf_nan: bool | None = ..., max_digits: int | None = ..., decimal_places: int | None = ..., min_length: int | None = ..., max_length: int | None = ..., union_mode: Literal['smart', 'left_to_right'] = ..., fail_fast: bool | None = ...) -> Any
AFO/domain/janus/contract.py:44: note:     def [_T] Field(default_factory, *, default_factory: Callable[[], _T] | Callable[[dict[str, Any]], _T], alias: str | None = ..., alias_priority: int | None = ..., validation_alias: str | AliasPath | AliasChoices | None = ..., serialization_alias: str | None = ..., title: str | None = ..., field_title_generator: Callable[[str, FieldInfo], str] | None = ..., description: str | None = ..., examples: list[Any] | None = ..., exclude: bool | None = ..., exclude_if: Callable[[Any], bool] | None = ..., discriminator: str | Discriminator | None = ..., deprecated: deprecated | str | bool | None = ..., json_schema_extra: JsonDict | Callable[[JsonDict], None] | None = ..., frozen: bool | None = ..., validate_default: Literal[False] | None = ..., repr: bool = ..., init: bool | None = ..., init_var: bool | None = ..., kw_only: bool | None = ..., pattern: str | Pattern[str] | None = ..., strict: bool | None = ..., coerce_numbers_to_str: bool | None = ..., gt: SupportsGt | None = ..., ge: SupportsGe | None = ..., lt: SupportsLt | None = ..., le: SupportsLe | None = ..., multiple_of: float | None = ..., allow_inf_nan: bool | None = ..., max_digits: int | None = ..., decimal_places: int | None = ..., min_length: int | None = ..., max_length: int | None = ..., union_mode: Literal['smart', 'left_to_right'] = ..., fail_fast: bool | None = ...) -> _T
AFO/domain/janus/contract.py:44: note:     def Field(alias, *, alias: str | None = ..., alias_priority: int | None = ..., validation_alias: str | AliasPath | AliasChoices | None = ..., serialization_alias: str | None = ..., title: str | None = ..., field_title_generator: Callable[[str, FieldInfo], str] | None = ..., description: str | None = ..., examples: list[Any] | None = ..., exclude: bool | None = ..., exclude_if: Callable[[Any], bool] | None = ..., discriminator: str | Discriminator | None = ..., deprecated: deprecated | str | bool | None = ..., json_schema_extra: JsonDict | Callable[[JsonDict], None] | None = ..., frozen: bool | None = ..., validate_default: bool | None = ..., repr: bool = ..., init: bool | None = ..., init_var: bool | None = ..., kw_only: bool | None = ..., pattern: str | Pattern[str] | None = ..., strict: bool | None = ..., coerce_numbers_to_str: bool | None = ..., gt: SupportsGt | None = ..., ge: SupportsGe | None = ..., lt: SupportsLt | None = ..., le: SupportsLe | None = ..., multiple_of: float | None = ..., allow_inf_nan: bool | None = ..., max_digits: int | None = ..., decimal_places: int | None = ..., min_length: int | None = ..., max_length: int | None = ..., union_mode: Literal['smart', 'left_to_right'] = ..., fail_fast: bool | None = ...) -> Any
services/redis_cache_service.py: note: In member "__init__" of class "RedisCacheService":
services/redis_cache_service.py:75: note: By default the bodies of untyped functions are not checked, consider using --check-untyped-defs  [annotation-unchecked]
AFO/serenity/visual_agent.py: note: In member "run_janus_loop" of class "VisualAgent":
AFO/serenity/visual_agent.py:227: error: Value of type "object" is not indexable  [index]
AFO/julie_cpa/grok_engine.py:35: error: Cannot assign to a type  [misc]
AFO/julie_cpa/grok_engine.py:35: error: Incompatible types in assignment (expression has type "None", variable has type "type[AsyncOpenAI]")  [assignment]
AFO/julie_cpa/grok_engine.py:43: error: Incompatible types in assignment (expression has type "None", variable has type "Callable[[], PlaywrightContextManager]")  [assignment]
AFO/julie_cpa/grok_engine.py:51: error: Incompatible types in assignment (expression has type "None", variable has type Module)  [assignment]
AFO/julie_cpa/grok_engine.py: note: In member "consult_grok" of class "GrokAPIClient":
AFO/julie_cpa/grok_engine.py:303: error: Returning Any from function declared to return "dict[str, Any]"  [no-any-return]
AFO/julie_cpa/grok_engine.py:303: error: Argument 1 to "loads" has incompatible type "str | None"; expected "str | bytes | bytearray"  [arg-type]
AFO/julie_cpa/grok_engine.py: note: In member "_extract_code_from_page" of class "GrokEngine":
AFO/julie_cpa/grok_engine.py:521: error: Returning Any from function declared to return "str"  [no-any-return]
AFO/julie_cpa/grok_engine.py:523: error: Returning Any from function declared to return "str"  [no-any-return]
AFO/config/antigravity.py: note: In class "AntiGravitySettings":
AFO/config/antigravity.py:72: error: Incompatible types in assignment (expression has type "str", variable has type "Literal['ko', 'en']")  [assignment]
AFO/config/antigravity.py: note: In member "auto_sync" of class "AntiGravitySettings":
AFO/config/antigravity.py:129: error: Unexpected keyword argument "_env_file" for "AntiGravitySettings"  [call-arg]
AFO/config/antigravity.py: note: In member "get_feature_flag" of class "AntiGravitySettings":
AFO/config/antigravity.py:253: error: Redundant cast to "dict[Any, Any]"  [redundant-cast]
AFO/utils/redis_connection.py: note: In function "close_redis_connections":
AFO/utils/redis_connection.py:97: error: "Redis[Any]" has no attribute "aclose"; maybe "close"?  [attr-defined]
AFO/api/routes/system_stream.py: note: In function "logs_stream_endpoint":
AFO/api/routes/system_stream.py:136: error: Incompatible return value type (got "EventSourceResponse", expected "StreamingResponse")  [return-value]
AFO/api/routes/skills.py: note: In function "list_skills":
AFO/api/routes/skills.py:95: error: Argument "category" to "SkillFilterParams" has incompatible type "str | None"; expected "SkillCategory | None"  [arg-type]
AFO/api/routes/ragas.py: note: In function "_get_redis_client":
AFO/api/routes/ragas.py:55: error: Redundant cast to "Redis[Any]"  [redundant-cast]
AFO/api/routes/context7.py: note: In function "search_context7":
AFO/api/routes/context7.py:52: error: Need type annotation for "formatted_results" (hint: "formatted_results: list[<type>] = ...")  [var-annotated]
AFO/api/routers/skills.py: note: In function "execute_skill":
AFO/api/routers/skills.py:347: error: Statement is unreachable  [unreachable]
AFO/api/routers/skills.py: note: In function "skills_health":
AFO/api/routers/skills.py:403: error: Unsupported target for indexed assignment ("object")  [index]
AFO/api/routers/skills.py:407: error: Statement is unreachable  [unreachable]
AFO/api/routers/budget.py: note: In function "get_budget_suggestions":
AFO/api/routers/budget.py:326: error: No overload variant of "int" matches argument type "object"  [call-overload]
AFO/api/routers/budget.py:326: note: Possible overload variants:
AFO/api/routers/budget.py:326: note:     def __new__(cls, str | Buffer | SupportsInt | SupportsIndex | SupportsTrunc = ..., /) -> int
AFO/api/routers/budget.py:326: note:     def __new__(cls, str | bytes | bytearray, /, base: SupportsIndex) -> int
AFO/api/routers/budget.py: note: In function "get_budget_prediction":
AFO/api/routers/budget.py:424: error: No overload variant of "int" matches argument type "object"  [call-overload]
AFO/api/routers/budget.py:424: note: Possible overload variants:
AFO/api/routers/budget.py:424: note:     def __new__(cls, str | Buffer | SupportsInt | SupportsIndex | SupportsTrunc = ..., /) -> int
AFO/api/routers/budget.py:424: note:     def __new__(cls, str | bytes | bytearray, /, base: SupportsIndex) -> int
AFO/api/middleware/security.py: note: In member "dispatch" of class "SecurityMiddleware":
AFO/api/middleware/security.py:35: error: Returning Any from function declared to return "Response"  [no-any-return]
AFO/api/middleware/prometheus.py: note: In member "dispatch" of class "PrometheusMiddleware":
AFO/api/middleware/prometheus.py:111: error: Returning Any from function declared to return "Response"  [no-any-return]
AFO/api/middleware/cache_middleware.py: note: In member "_initialize_cache" of class "CacheMiddleware":
AFO/api/middleware/cache_middleware.py:59: error: Incompatible types in assignment (expression has type "Redis[Any]", variable has type "None")  [assignment]
AFO/api/middleware/cache_middleware.py:62: error: Statement is unreachable  [unreachable]
AFO/api/middleware/cache_middleware.py: note: In member "_get_ttl" of class "CacheMiddleware":
AFO/api/middleware/cache_middleware.py:89: error: Returning Any from function declared to return "int"  [no-any-return]
AFO/api/middleware/cache_middleware.py: note: In member "dispatch" of class "CacheMiddleware":
AFO/api/middleware/cache_middleware.py:118: error: Statement is unreachable  [unreachable]
AFO/api/middleware/cache_middleware.py:155: error: Right operand of "and" is never evaluated  [unreachable]
AFO/api/middleware/cache_middleware.py:157: error: Statement is unreachable  [unreachable]
AFO/cache/backends.py: note: In member "_ensure_connection" of class "RedisBackend":
AFO/cache/backends.py:91: error: Incompatible types in assignment (expression has type "Redis[Any]", variable has type "None")  [assignment]
AFO/cache/backends.py:94: error: "None" has no attribute "ping"  [attr-defined]
AFO/cache/backends.py: note: In member "get" of class "RedisBackend":
AFO/cache/backends.py:106: error: Statement is unreachable  [unreachable]
AFO/cache/backends.py: note: In member "set" of class "RedisBackend":
AFO/cache/backends.py:123: error: Statement is unreachable  [unreachable]
AFO/cache/backends.py: note: In member "delete" of class "RedisBackend":
AFO/cache/backends.py:139: error: Statement is unreachable  [unreachable]
AFO/llm_router.py:679: error: Unused "type: ignore" comment  [unused-ignore]
AFO/llm_router.py: note: In member "_call_llm" of class "LLMRouter":
AFO/llm_router.py:817: error: Returning Any from function declared to return "str"  [no-any-return]
AFO/llm_router.py:833: error: Returning Any from function declared to return "str"  [no-any-return]
AFO/llm_router.py:857: error: Returning Any from function declared to return "str"  [no-any-return]
AFO/cache/manager.py: note: In member "get_metrics" of class "CacheMetrics":
AFO/cache/manager.py:65: error: Returning Any from function declared to return "dict[str, Any]"  [no-any-return]
AFO/cache/manager.py: note: In member "get_metrics" of class "MultiLevelCache":
AFO/cache/manager.py:146: error: Returning Any from function declared to return "dict[str, Any]"  [no-any-return]
AFO/api/routers/rag_query.py: note: In function "query_knowledge_base":
AFO/api/routers/rag_query.py:163: error: Incompatible types in assignment (expression has type "dict[str, Any]", variable has type "list[dict[str, Any]] | BaseException")  [assignment]
AFO/api/routers/rag_query.py:164: error: Unsupported right operand type for in ("list[dict[str, Any]] | BaseException")  [operator]
AFO/api/routers/rag_query.py:164: error: No overload variant of "__getitem__" of "list" matches argument type "str"  [call-overload]
AFO/api/routers/rag_query.py:164: note: Possible overload variants:
AFO/api/routers/rag_query.py:164: note:     def __getitem__(self, SupportsIndex, /) -> dict[str, Any]
AFO/api/routers/rag_query.py:164: note:     def __getitem__(self, slice[Any, Any, Any], /) -> list[dict[str, Any]]
AFO/api/routers/rag_query.py:164: error: Value of type "list[dict[str, Any]] | BaseException" is not indexable  [index]
AFO/api/routers/rag_query.py:167: error: No overload variant of "__getitem__" of "list" matches argument type "str"  [call-overload]
AFO/api/routers/rag_query.py:167: note: Possible overload variants:
AFO/api/routers/rag_query.py:167: note:     def __getitem__(self, SupportsIndex, /) -> dict[str, Any]
AFO/api/routers/rag_query.py:167: note:     def __getitem__(self, slice[Any, Any, Any], /) -> list[dict[str, Any]]
AFO/api/routers/rag_query.py:167: error: Value of type "list[dict[str, Any]] | BaseException" is not indexable  [index]
AFO/utils/playwright_bridge.py: note: In member "verify_ui" of class "PlaywrightBridgeMCP":
AFO/utils/playwright_bridge.py:105: error: Argument "viewport" to "new_context" of "Browser" has incompatible type "dict[str, int]"; expected "ViewportSize | None"  [arg-type]
AFO/start/serenity/genui_orchestrator.py: note: In member "_generate_with_llm" of class "GenUIOrchestrator":
AFO/start/serenity/genui_orchestrator.py:60: error: Returning Any from function declared to return "str"  [no-any-return]
AFO/start/serenity/genui_orchestrator.py: note: In member "generate_component" of class "GenUIOrchestrator":
AFO/start/serenity/genui_orchestrator.py:150: error: Missing named argument "risk_score" for "ComponentSchema"  [call-arg]
AFO/chancellor/persona_graphs.py: note: In member "__init__" of class "MultiPersonaChancellor":
AFO/chancellor/persona_graphs.py:231: note: By default the bodies of untyped functions are not checked, consider using --check-untyped-defs  [annotation-unchecked]
AFO/chancellor/learning_engine.py: note: In member "__init__" of class "LearningEngine":
AFO/chancellor/learning_engine.py:167: note: By default the bodies of untyped functions are not checked, consider using --check-untyped-defs  [annotation-unchecked]
AFO/chancellor/learning_engine.py:168: note: By default the bodies of untyped functions are not checked, consider using --check-untyped-defs  [annotation-unchecked]
AFO/chancellor/learning_engine.py:170: note: By default the bodies of untyped functions are not checked, consider using --check-untyped-defs  [annotation-unchecked]
AFO/chancellor/learning_engine.py: note: In member "record_ab_test_result" of class "LearningEngine":
AFO/chancellor/learning_engine.py:282: error: Argument 2 to "_apply_experiment_results" of "LearningEngine" has incompatible type "str | None"; expected "str"  [arg-type]
AFO/chancellor/learning_engine.py: note: In member "get_learning_insights" of class "LearningEngine":
AFO/chancellor/learning_engine.py:300: error: Need type annotation for "decision_effectiveness"  [var-annotated]
AFO/llms/providers/openai.py:13: error: Incompatible types in assignment (expression has type "None", variable has type "OpenAIAPIWrapper")  [assignment]
AFO/llms/providers/openai.py: note: In member "generate" of class "OpenAIProvider":
AFO/llms/providers/openai.py:50: error: "OpenAIAPIWrapper" has no attribute "generate_response"  [attr-defined]
AFO/llms/providers/openai.py:55: error: Returning Any from function declared to return "str"  [no-any-return]
AFO/llms/providers/google.py:13: error: Incompatible types in assignment (expression has type "None", variable has type "GeminiAPIWrapper")  [assignment]
AFO/llms/providers/anthropic.py:13: error: Incompatible types in assignment (expression has type "None", variable has type "ClaudeAPIWrapper")  [assignment]
AFO/llms/providers/anthropic.py: note: In member "generate" of class "AnthropicProvider":
AFO/llms/providers/anthropic.py:37: error: "ClaudeAPIWrapper" has no attribute "generate_response"  [attr-defined]
AFO/llms/providers/anthropic.py:43: error: Returning Any from function declared to return "str"  [no-any-return]
AFO/cache/__init__.py: note: In function "get_cache_metrics":
AFO/cache/__init__.py:22: error: Function "builtins.any" is not valid as a type  [valid-type]
AFO/cache/__init__.py:22: note: Perhaps you meant "typing.Any" instead of "any"?
AFO/api/compat.py:679: error: Cannot assign to a type  [misc]
AFO/api/compat.py:679: error: Incompatible types in assignment (expression has type "type[object]", variable has type "type[BaseModel]")  [assignment]
AFO/serenity/creation_loop.py: note: In member "create_ui" of class "SerenityCreationLoop":
AFO/serenity/creation_loop.py:104: error: Need type annotation for "verification_data" (hint: "verification_data: dict[<type>, <type>] = ...")  [var-annotated]
AFO/serenity/creation_loop.py:106: error: Statement is unreachable  [unreachable]
AFO/serenity/creation_loop.py:144: error: Statement is unreachable  [unreachable]
AFO/serenity/creation_loop.py: note: In member "_generate_code" of class "SerenityCreationLoop":
AFO/serenity/creation_loop.py:191: error: Returning Any from function declared to return "str"  [no-any-return]
AFO/llms/providers/factory.py: note: In member "get_provider" of class "ProviderFactory":
AFO/llms/providers/factory.py:33: error: Incompatible types in assignment (expression has type "GoogleProvider", variable has type "OllamaProvider")  [assignment]
AFO/llms/providers/factory.py:35: error: Incompatible types in assignment (expression has type "OpenAIProvider", variable has type "OllamaProvider")  [assignment]
AFO/llms/providers/factory.py:37: error: Incompatible types in assignment (expression has type "AnthropicProvider", variable has type "OllamaProvider")  [assignment]
AFO/api/routes/philosophical_copilot.py:17: error: Module "AFO.config.settings" has no attribute "Settings"; maybe "settings", "AFOSettings", or "_settings"?  [attr-defined]
AFO/api/routes/philosophical_copilot.py: note: In function "calculate_trinity_score":
AFO/api/routes/philosophical_copilot.py:171: error: "Collection[str]" has no attribute "items"  [attr-defined]
AFO/api/router_manager.py:59: error: Incompatible types in assignment (expression has type "None", variable has type "APIRouter")  [assignment]
AFO/api/router_manager.py: note: In member "_safe_register_router" of class "AFORouterManager":
AFO/api/router_manager.py:365: error: Argument 1 to "include_router" of "FastAPI" has incompatible type "object"; expected "APIRouter"  [arg-type]
AFO/api/router_manager.py:365: error: Argument "tags" to "include_router" of "FastAPI" has incompatible type "list[str]"; expected "list[str | Enum] | None"  [arg-type]
AFO/api/router_manager.py:365: note: "list" is invariant -- see https://mypy.readthedocs.io/en/stable/common_issues.html#variance
AFO/api/router_manager.py:365: note: Consider using "Sequence" instead, which is covariant
AFO/api/router_manager.py:367: error: Argument 1 to "include_router" of "FastAPI" has incompatible type "object"; expected "APIRouter"  [arg-type]
AFO/api/router_manager.py:369: error: Argument 1 to "include_router" of "FastAPI" has incompatible type "object"; expected "APIRouter"  [arg-type]
AFO/api/router_manager.py:369: error: Argument "tags" to "include_router" of "FastAPI" has incompatible type "list[str]"; expected "list[str | Enum] | None"  [arg-type]
AFO/api/router_manager.py:369: note: "list" is invariant -- see https://mypy.readthedocs.io/en/stable/common_issues.html#variance
AFO/api/router_manager.py:369: note: Consider using "Sequence" instead, which is covariant
AFO/api/router_manager.py:371: error: Argument 1 to "include_router" of "FastAPI" has incompatible type "object"; expected "APIRouter"  [arg-type]
AFO/utils/redis_saver.py: note: In member "_dump" of class "AsyncRedisSaver":
AFO/utils/redis_saver.py:43: error: Returning Any from function declared to return "str"  [no-any-return]
AFO/utils/redis_saver.py:48: error: Returning Any from function declared to return "str"  [no-any-return]
AFO/utils/redis_saver.py: note: In member "aput_writes" of class "AsyncRedisSaver":
AFO/utils/redis_saver.py:170: error: Signature of "aput_writes" incompatible with supertype "langgraph.checkpoint.base.BaseCheckpointSaver"  [override]
AFO/utils/redis_saver.py:170: note:      Superclass:
AFO/utils/redis_saver.py:170: note:          def aput_writes(self, config: RunnableConfig, writes: Sequence[tuple[str, Any]], task_id: str, task_path: str = ...) -> Coroutine[Any, Any, None]
AFO/utils/redis_saver.py:170: note:      Subclass:
AFO/utils/redis_saver.py:170: note:          def aput_writes(self, config: RunnableConfig, writes: list[tuple[str, Any]], task_id: str) -> Coroutine[Any, Any, None]
AFO/services/langchain_openai_service.py:25: error: Name "BaseMessage" already defined (possibly by an import)  [no-redef]
AFO/services/langchain_openai_service.py:25: error: Name "HumanMessage" already defined (possibly by an import)  [no-redef]
AFO/services/langchain_openai_service.py:25: error: Name "SystemMessage" already defined (possibly by an import)  [no-redef]
AFO/services/langchain_openai_service.py: note: In member "__init__" of class "PromptTemplateManager":
AFO/services/langchain_openai_service.py:74: note: By default the bodies of untyped functions are not checked, consider using --check-untyped-defs  [annotation-unchecked]
AFO/services/langchain_openai_service.py: note: In member "__init__" of class "LangChainOpenAIService":
AFO/services/langchain_openai_service.py:167: note: By default the bodies of untyped functions are not checked, consider using --check-untyped-defs  [annotation-unchecked]
AFO/services/langchain_openai_service.py: note: In member "process_request" of class "LangChainOpenAIService":
AFO/services/langchain_openai_service.py:261: error: Dict entry 0 has incompatible type "str": "float"; expected "str": "int"  [dict-item]
AFO/services/langchain_openai_service.py: note: In function "_call_openai":
AFO/services/langchain_openai_service.py:439: note: By default the bodies of untyped functions are not checked, consider using --check-untyped-defs  [annotation-unchecked]
AFO/services/langchain_openai_service.py:458: note: By default the bodies of untyped functions are not checked, consider using --check-untyped-defs  [annotation-unchecked]
AFO/services/langchain_openai_service.py: note: In member "_call_openai" of class "LangChainOpenAIService":
AFO/services/langchain_openai_service.py:470: error: Returning Any from function declared to return "str | None"  [no-any-return]
AFO/services/system_monitoring_dashboard.py: note: In member "__init__" of class "SystemMonitoringDashboard":
AFO/services/system_monitoring_dashboard.py:128: note: By default the bodies of untyped functions are not checked, consider using --check-untyped-defs  [annotation-unchecked]
AFO/services/system_monitoring_dashboard.py:131: note: By default the bodies of untyped functions are not checked, consider using --check-untyped-defs  [annotation-unchecked]
AFO/services/system_monitoring_dashboard.py:132: note: By default the bodies of untyped functions are not checked, consider using --check-untyped-defs  [annotation-unchecked]
AFO/services/system_monitoring_dashboard.py:133: note: By default the bodies of untyped functions are not checked, consider using --check-untyped-defs  [annotation-unchecked]
AFO/services/system_monitoring_dashboard.py:136: note: By default the bodies of untyped functions are not checked, consider using --check-untyped-defs  [annotation-unchecked]
AFO/services/system_monitoring_dashboard.py:137: note: By default the bodies of untyped functions are not checked, consider using --check-untyped-defs  [annotation-unchecked]
services/system_monitoring_dashboard.py: note: In member "__init__" of class "SystemMonitoringDashboard":
services/system_monitoring_dashboard.py:128: note: By default the bodies of untyped functions are not checked, consider using --check-untyped-defs  [annotation-unchecked]
services/system_monitoring_dashboard.py:131: note: By default the bodies of untyped functions are not checked, consider using --check-untyped-defs  [annotation-unchecked]
services/system_monitoring_dashboard.py:132: note: By default the bodies of untyped functions are not checked, consider using --check-untyped-defs  [annotation-unchecked]
services/system_monitoring_dashboard.py:133: note: By default the bodies of untyped functions are not checked, consider using --check-untyped-defs  [annotation-unchecked]
services/system_monitoring_dashboard.py:136: note: By default the bodies of untyped functions are not checked, consider using --check-untyped-defs  [annotation-unchecked]
services/system_monitoring_dashboard.py:137: note: By default the bodies of untyped functions are not checked, consider using --check-untyped-defs  [annotation-unchecked]
AFO/chancellor_graph.py:63: error: Cannot assign to a type  [misc]
AFO/chancellor_graph.py:63: note: Error code "misc" not covered by "type: ignore" comment
AFO/chancellor_graph.py:64: error: Cannot assign to a type  [misc]
AFO/chancellor_graph.py:64: note: Error code "misc" not covered by "type: ignore" comment
AFO/chancellor_graph.py:77: error: Cannot assign to a type  [misc]
AFO/chancellor_graph.py:77: note: Error code "misc" not covered by "type: ignore" comment
AFO/chancellor_graph.py:84: error: Statement is unreachable  [unreachable]
AFO/chancellor_graph.py:92: error: Statement is unreachable  [unreachable]
AFO/chancellor_graph.py:103: error: Unused "type: ignore" comment  [unused-ignore]
AFO/chancellor_graph.py:103: error: Cannot assign to a type  [misc]
AFO/chancellor_graph.py:103: note: Error code "misc" not covered by "type: ignore" comment
AFO/api/initialization.py: note: In function "_initialize_multimodal_rag":
AFO/api/initialization.py:149: error: Statement is unreachable  [unreachable]
AFO/api/initialization.py: note: In function "_initialize_yeongdeok":
AFO/api/initialization.py:198: error: Name "_YC" already defined (possibly by an import)  [no-redef]
AFO/api/initialization.py: note: In function "_initialize_strategy_engine":
AFO/api/initialization.py:244: error: "Workflow" has no attribute "compile"  [attr-defined]
AFO/api_server.py: note: In member "_configure_app" of class "AFOServer":
AFO/api_server.py:158: error: Argument 2 to "add_exception_handler" of "Starlette" has incompatible type "Callable[[Request, RateLimitExceeded], Response]"; expected "Callable[[Request, Exception], Response | Awaitable[Response]] | Callable[[WebSocket, Exception], Awaitable[None]]"  [arg-type]
AFO/api/routes/wallet/session.py: note: In function "extract_wallet_session":
AFO/api/routes/wallet/session.py:145: error: Argument "mapping" to "hset" of "HashCommands" has incompatible type "dict[str, str]"; expected "Mapping[str | bytes, bytes | float | int | str]"  [arg-type]
Found 108 errors in 41 files (checked 290 source files)
